<?xml version="1.0" encoding="UTF-8"?>
<testng-results ignored="0" total="33" passed="33" failed="0" skipped="0">
  <reporter-output>
  </reporter-output>
  <suite started-at="2020-01-20T18:34:11 SGT" name="Default suite" finished-at="2020-01-20T18:40:41 SGT" duration-ms="390143">
    <groups>
    </groups>
    <test started-at="2020-01-20T18:34:11 SGT" name="Default test" finished-at="2020-01-20T18:40:41 SGT" duration-ms="390143">
      <class name="WOG.CMS_EventsAndTrainingsTest">
        <test-method is-config="true" signature="initialize()[pri:0, instance:WOG.CMS_EventsAndTrainingsTest@54c62d71]" started-at="2020-01-20T18:34:11 SGT" name="initialize" finished-at="2020-01-20T18:34:25 SGT" duration-ms="14627" status="PASS">
          <reporter-output>
          </reporter-output>
        </test-method> <!-- initialize -->
        <test-method signature="login(java.lang.String, java.lang.String)[pri:1, instance:WOG.CMS_EventsAndTrainingsTest@54c62d71]" started-at="2020-01-20T18:34:26 SGT" name="login" data-provider="CMSLoginTestData1" finished-at="2020-01-20T18:34:27 SGT" duration-ms="1151" status="PASS">
          <params>
            <param index="0">
              <value>
                <![CDATA[adminadmin]]>
              </value>
            </param>
            <param index="1">
              <value>
                <![CDATA[Admin123]]>
              </value>
            </param>
          </params>
          <reporter-output>
          </reporter-output>
        </test-method> <!-- login -->
        <test-method signature="CreateEvent(java.lang.String, java.lang.String, java.lang.String, java.lang.String, java.lang.String, java.lang.String, java.lang.String, java.lang.String, java.lang.String, java.lang.String, java.lang.String, java.lang.String, java.lang.String, java.lang.String, java.lang.String, java.lang.String, java.lang.String, java.lang.String, java.lang.String, java.lang.String)[pri:2, instance:WOG.CMS_EventsAndTrainingsTest@54c62d71]" started-at="2020-01-20T18:34:28 SGT" name="CreateEvent" data-provider="CreateEventTestData" finished-at="2020-01-20T18:34:39 SGT" duration-ms="11343" status="PASS">
          <params>
            <param index="0">
              <value>
                <![CDATA[Public]]>
              </value>
            </param>
            <param index="1">
              <value>
                <![CDATA[PEMC Grand Event]]>
              </value>
            </param>
            <param index="2">
              <value>
                <![CDATA[Boni Mandaluyong near MRT Boni Station]]>
              </value>
            </param>
            <param index="3">
              <value>
                <![CDATA[The quick, brown fox jumps over a lazy dog. DJs flock by when MTV ax quiz prog. ]]>
              </value>
            </param>
            <param index="4">
              <value>
                <![CDATA[Sample Event Form]]>
              </value>
            </param>
            <param index="5">
              <value>
                <![CDATA[02/12/2020 07:00]]>
              </value>
            </param>
            <param index="6">
              <value>
                <![CDATA[02/13/2020 17:00]]>
              </value>
            </param>
            <param index="7">
              <value>
                <![CDATA[01/25/2020 07:00]]>
              </value>
            </param>
            <param index="8">
              <value>
                <![CDATA[01/30/2020 23:59]]>
              </value>
            </param>
            <param index="9">
              <value>
                <![CDATA[C:\\Users\\OJT - Project Sec1\\eclipse-workspace\\SeleniumFrameworkFujiSankeiWebsite\\Sample Test Files\\Portable Document File Sample.pdf]]>
              </value>
            </param>
            <param index="10">
              <value>
                <![CDATA[Custom]]>
              </value>
            </param>
            <param index="11">
              <value>
                <![CDATA[]]>
              </value>
            </param>
            <param index="12">
              <value>
                <![CDATA[02/14/2020 10:00 ]]>
              </value>
            </param>
            <param index="13">
              <value>
                <![CDATA[02/21/2020 10:00 ]]>
              </value>
            </param>
            <param index="14">
              <value>
                <![CDATA[C:\\Users\\OJT - Project Sec1\\eclipse-workspace\\SeleniumFrameworkFujiSankeiWebsite\\Sample Test Files\\1.jpg]]>
              </value>
            </param>
            <param index="15">
              <value>
                <![CDATA[PEMC Event Survey Form]]>
              </value>
            </param>
            <param index="16">
              <value>
                <![CDATA[Required]]>
              </value>
            </param>
            <param index="17">
              <value>
                <![CDATA[2]]>
              </value>
            </param>
            <param index="18">
              <value>
                <![CDATA[Yes]]>
              </value>
            </param>
            <param index="19">
              <value>
                <![CDATA[Please fill all required(*) fields.]]>
              </value>
            </param>
          </params>
          <reporter-output>
          </reporter-output>
        </test-method> <!-- CreateEvent -->
        <test-method signature="CreateEvent(java.lang.String, java.lang.String, java.lang.String, java.lang.String, java.lang.String, java.lang.String, java.lang.String, java.lang.String, java.lang.String, java.lang.String, java.lang.String, java.lang.String, java.lang.String, java.lang.String, java.lang.String, java.lang.String, java.lang.String, java.lang.String, java.lang.String, java.lang.String)[pri:2, instance:WOG.CMS_EventsAndTrainingsTest@54c62d71]" started-at="2020-01-20T18:34:39 SGT" name="CreateEvent" data-provider="CreateEventTestData" finished-at="2020-01-20T18:34:51 SGT" duration-ms="11611" status="PASS">
          <params>
            <param index="0">
              <value>
                <![CDATA[Private]]>
              </value>
            </param>
            <param index="1">
              <value>
                <![CDATA[PEMC Grand Private Event]]>
              </value>
            </param>
            <param index="2">
              <value>
                <![CDATA[Boni Mandaluyong near MRT Boni Station]]>
              </value>
            </param>
            <param index="3">
              <value>
                <![CDATA[The quick, brown fox jumps over a lazy dog. DJs flock by when MTV ax quiz prog. Junk MTV quiz graced by fox whelps. Bawds jog, flick quartz, vex nymphs. Waltz, bad nymph, for quick jigs vex! Fox nymphs grab quick-jived waltz. Brick quiz whangs jumpy veldt fox. Bright vixens jump; dozy fowl quack. Quick wafting zephyrs vex bold Jim. Quick zephyrs blow, vexing daft Jim. Sex-charged fop blew my junk TV quiz. How quickly daft jumping zebras vex. Two driven jocks help fax my big quiz. Quick, Baz, get my woven flax jodhpurs! "Now fax quiz Jack!" my brave ghost pled. Five quacking zephyrs jolt my wax bed. Flummoxed by job, kvetching W. zaps Iraq. Cozy sphinx waves quart jug of bad milk. A very bad quack might jinx zippy fowls. Few quips galvanized the mock jury box. Quick brown dogs jump over the lazy fox. The jay, pig, fox, zebra, and my wolves quack! Blowzy red vixens fight og. Watch "Jeo]]>
              </value>
            </param>
            <param index="4">
              <value>
                <![CDATA[Sample Event Form]]>
              </value>
            </param>
            <param index="5">
              <value>
                <![CDATA[02/12/2020 07:00]]>
              </value>
            </param>
            <param index="6">
              <value>
                <![CDATA[02/13/2020 17:00]]>
              </value>
            </param>
            <param index="7">
              <value>
                <![CDATA[01/25/2020 07:00]]>
              </value>
            </param>
            <param index="8">
              <value>
                <![CDATA[01/30/2020 23:59]]>
              </value>
            </param>
            <param index="9">
              <value>
                <![CDATA[C:\\Users\\OJT - Project Sec1\\eclipse-workspace\\SeleniumFrameworkFujiSankeiWebsite\\Sample Test Files\\Portable Document File Sample.pdf]]>
              </value>
            </param>
            <param index="10">
              <value>
                <![CDATA[Lifetime]]>
              </value>
            </param>
            <param index="11">
              <value>
                <![CDATA[02/14/2020 10:00 ]]>
              </value>
            </param>
            <param index="12">
              <value>
                <![CDATA[]]>
              </value>
            </param>
            <param index="13">
              <value>
                <![CDATA[]]>
              </value>
            </param>
            <param index="14">
              <value>
                <![CDATA[C:\\Users\\OJT - Project Sec1\\eclipse-workspace\\SeleniumFrameworkFujiSankeiWebsite\\Sample Test Files\\1.jpg]]>
              </value>
            </param>
            <param index="15">
              <value>
                <![CDATA[PEMC Event Survey Form]]>
              </value>
            </param>
            <param index="16">
              <value>
                <![CDATA[Required]]>
              </value>
            </param>
            <param index="17">
              <value>
                <![CDATA[2]]>
              </value>
            </param>
            <param index="18">
              <value>
                <![CDATA[Yes]]>
              </value>
            </param>
            <param index="19">
              <value>
                <![CDATA[Please fill all required(*) fields.]]>
              </value>
            </param>
          </params>
          <reporter-output>
          </reporter-output>
        </test-method> <!-- CreateEvent -->
        <test-method signature="CreateEvent(java.lang.String, java.lang.String, java.lang.String, java.lang.String, java.lang.String, java.lang.String, java.lang.String, java.lang.String, java.lang.String, java.lang.String, java.lang.String, java.lang.String, java.lang.String, java.lang.String, java.lang.String, java.lang.String, java.lang.String, java.lang.String, java.lang.String, java.lang.String)[pri:2, instance:WOG.CMS_EventsAndTrainingsTest@54c62d71]" started-at="2020-01-20T18:34:51 SGT" name="CreateEvent" data-provider="CreateEventTestData" finished-at="2020-01-20T18:35:02 SGT" duration-ms="11534" status="PASS">
          <params>
            <param index="0">
              <value>
                <![CDATA[Private]]>
              </value>
            </param>
            <param index="1">
              <value>
                <![CDATA[PEMC Grand Private Event]]>
              </value>
            </param>
            <param index="2">
              <value>
                <![CDATA[Boni Mandaluyong near MRT Boni Station]]>
              </value>
            </param>
            <param index="3">
              <value>
                <![CDATA[The quick, brown fox jumps over a lazy dog. DJs flock by when MTV ax quiz prog. Junk MTV quiz graced by fox whelps. Bawds jog, flick quartz, vex nymphs. Waltz, bad nymph, for quick jigs vex! Fox nymphs grab quick-jived waltz. Brick quiz whangs jumpy veldt fox. Bright vixens jump; dozy fowl quack. Quick wafting zephyrs vex bold Jim. Quick zephyrs blow, vexing daft Jim. Sex-charged fop blew my junk TV quiz. How quickly daft jumping zebras vex. Two driven jocks help fax my big quiz. Quick, Baz, get my woven flax jodhpurs! "Now fax quiz Jack!" my brave ghost pled. Five quacking zephyrs jolt my wax bed. Flummoxed by job, kvetching W. zaps Iraq. Cozy sphinx waves quart jug of bad milk. A very bad quack might jinx zippy fowls. Few quips galvanized the mock jury box. Quick brown dogs jump over the lazy fox. The jay, pig, fox, zebra, and my wolves quack! Blowzy red vixens fight og. Watch "Jeo]]>
              </value>
            </param>
            <param index="4">
              <value>
                <![CDATA[Sample Event Form]]>
              </value>
            </param>
            <param index="5">
              <value>
                <![CDATA[02/12/2020 07:00]]>
              </value>
            </param>
            <param index="6">
              <value>
                <![CDATA[02/13/2020 17:00]]>
              </value>
            </param>
            <param index="7">
              <value>
                <![CDATA[01/25/2020 07:01]]>
              </value>
            </param>
            <param index="8">
              <value>
                <![CDATA[01/30/2020 23:59]]>
              </value>
            </param>
            <param index="9">
              <value>
                <![CDATA[C:\\Users\\OJT - Project Sec1\\eclipse-workspace\\SeleniumFrameworkFujiSankeiWebsite\\Sample Test Files\\Portable Document File Sample.pdf]]>
              </value>
            </param>
            <param index="10">
              <value>
                <![CDATA[Lifetime]]>
              </value>
            </param>
            <param index="11">
              <value>
                <![CDATA[02/14/2020 10:00 ]]>
              </value>
            </param>
            <param index="12">
              <value>
                <![CDATA[]]>
              </value>
            </param>
            <param index="13">
              <value>
                <![CDATA[]]>
              </value>
            </param>
            <param index="14">
              <value>
                <![CDATA[C:\\Users\\OJT - Project Sec1\\eclipse-workspace\\SeleniumFrameworkFujiSankeiWebsite\\Sample Test Files\\1.jpg]]>
              </value>
            </param>
            <param index="15">
              <value>
                <![CDATA[PEMC Event Survey Form]]>
              </value>
            </param>
            <param index="16">
              <value>
                <![CDATA[Required]]>
              </value>
            </param>
            <param index="17">
              <value>
                <![CDATA[2]]>
              </value>
            </param>
            <param index="18">
              <value>
                <![CDATA[Yes]]>
              </value>
            </param>
            <param index="19">
              <value>
                <![CDATA[Please fill all required(*) fields.]]>
              </value>
            </param>
          </params>
          <reporter-output>
          </reporter-output>
        </test-method> <!-- CreateEvent -->
        <test-method signature="CreateEvent(java.lang.String, java.lang.String, java.lang.String, java.lang.String, java.lang.String, java.lang.String, java.lang.String, java.lang.String, java.lang.String, java.lang.String, java.lang.String, java.lang.String, java.lang.String, java.lang.String, java.lang.String, java.lang.String, java.lang.String, java.lang.String, java.lang.String, java.lang.String)[pri:2, instance:WOG.CMS_EventsAndTrainingsTest@54c62d71]" started-at="2020-01-20T18:35:02 SGT" name="CreateEvent" data-provider="CreateEventTestData" finished-at="2020-01-20T18:35:14 SGT" duration-ms="11811" status="PASS">
          <params>
            <param index="0">
              <value>
                <![CDATA[Private]]>
              </value>
            </param>
            <param index="1">
              <value>
                <![CDATA[PEMC Grand Private Event]]>
              </value>
            </param>
            <param index="2">
              <value>
                <![CDATA[Boni Mandaluyong near MRT Boni Station]]>
              </value>
            </param>
            <param index="3">
              <value>
                <![CDATA[The quick, brown fox jumps over a lazy dog. DJs flock by when MTV ax quiz prog. Junk MTV quiz graced by fox whelps. Bawds jog, flick quartz, vex nymphs. Waltz, bad nymph, for quick jigs vex! Fox nymphs grab quick-jived waltz. Brick quiz whangs jumpy veldt fox. Bright vixens jump; dozy fowl quack. Quick wafting zephyrs vex bold Jim. Quick zephyrs blow, vexing daft Jim. Sex-charged fop blew my junk TV quiz. How quickly daft jumping zebras vex. Two driven jocks help fax my big quiz. Quick, Baz, get my woven flax jodhpurs! "Now fax quiz Jack!" my brave ghost pled. Five quacking zephyrs jolt my wax bed. Flummoxed by job, kvetching W. zaps Iraq. Cozy sphinx waves quart jug of bad milk. A very bad quack might jinx zippy fowls. Few quips galvanized the mock jury box. Quick brown dogs jump over the lazy fox. The jay, pig, fox, zebra, and my wolves quack! Blowzy red vixens fight og. Watch "Jeo]]>
              </value>
            </param>
            <param index="4">
              <value>
                <![CDATA[Sample Event Form]]>
              </value>
            </param>
            <param index="5">
              <value>
                <![CDATA[02/12/2020 07:00]]>
              </value>
            </param>
            <param index="6">
              <value>
                <![CDATA[02/13/2020 17:00]]>
              </value>
            </param>
            <param index="7">
              <value>
                <![CDATA[01/25/2020 07:02]]>
              </value>
            </param>
            <param index="8">
              <value>
                <![CDATA[01/30/2020 23:59]]>
              </value>
            </param>
            <param index="9">
              <value>
                <![CDATA[C:\\Users\\OJT - Project Sec1\\eclipse-workspace\\SeleniumFrameworkFujiSankeiWebsite\\Sample Test Files\\Portable Document File Sample.pdf]]>
              </value>
            </param>
            <param index="10">
              <value>
                <![CDATA[Lifetime]]>
              </value>
            </param>
            <param index="11">
              <value>
                <![CDATA[02/14/2020 10:00 ]]>
              </value>
            </param>
            <param index="12">
              <value>
                <![CDATA[]]>
              </value>
            </param>
            <param index="13">
              <value>
                <![CDATA[]]>
              </value>
            </param>
            <param index="14">
              <value>
                <![CDATA[C:\\Users\\OJT - Project Sec1\\eclipse-workspace\\SeleniumFrameworkFujiSankeiWebsite\\Sample Test Files\\1.jpg]]>
              </value>
            </param>
            <param index="15">
              <value>
                <![CDATA[PEMC Event Survey Form]]>
              </value>
            </param>
            <param index="16">
              <value>
                <![CDATA[Required]]>
              </value>
            </param>
            <param index="17">
              <value>
                <![CDATA[2]]>
              </value>
            </param>
            <param index="18">
              <value>
                <![CDATA[Yes]]>
              </value>
            </param>
            <param index="19">
              <value>
                <![CDATA[Please fill all required(*) fields.]]>
              </value>
            </param>
          </params>
          <reporter-output>
          </reporter-output>
        </test-method> <!-- CreateEvent -->
        <test-method signature="CreateEvent(java.lang.String, java.lang.String, java.lang.String, java.lang.String, java.lang.String, java.lang.String, java.lang.String, java.lang.String, java.lang.String, java.lang.String, java.lang.String, java.lang.String, java.lang.String, java.lang.String, java.lang.String, java.lang.String, java.lang.String, java.lang.String, java.lang.String, java.lang.String)[pri:2, instance:WOG.CMS_EventsAndTrainingsTest@54c62d71]" started-at="2020-01-20T18:35:14 SGT" name="CreateEvent" data-provider="CreateEventTestData" finished-at="2020-01-20T18:35:25 SGT" duration-ms="11145" status="PASS">
          <params>
            <param index="0">
              <value>
                <![CDATA[Private]]>
              </value>
            </param>
            <param index="1">
              <value>
                <![CDATA[PEMC Grand Private Event]]>
              </value>
            </param>
            <param index="2">
              <value>
                <![CDATA[Boni Mandaluyong near MRT Boni Station]]>
              </value>
            </param>
            <param index="3">
              <value>
                <![CDATA[The quick, brown fox jumps over a lazy dog. DJs flock by when MTV ax quiz prog. Junk MTV quiz graced by fox whelps. Bawds jog, flick quartz, vex nymphs. Waltz, bad nymph, for quick jigs vex! Fox nymphs grab quick-jived waltz. Brick quiz whangs jumpy veldt fox. Bright vixens jump; dozy fowl quack. Quick wafting zephyrs vex bold Jim. Quick zephyrs blow, vexing daft Jim. Sex-charged fop blew my junk TV quiz. How quickly daft jumping zebras vex. Two driven jocks help fax my big quiz. Quick, Baz, get my woven flax jodhpurs! "Now fax quiz Jack!" my brave ghost pled. Five quacking zephyrs jolt my wax bed. Flummoxed by job, kvetching W. zaps Iraq. Cozy sphinx waves quart jug of bad milk. A very bad quack might jinx zippy fowls. Few quips galvanized the mock jury box. Quick brown dogs jump over the lazy fox. The jay, pig, fox, zebra, and my wolves quack! Blowzy red vixens fight og. Watch "Jeo]]>
              </value>
            </param>
            <param index="4">
              <value>
                <![CDATA[Sample Event Form]]>
              </value>
            </param>
            <param index="5">
              <value>
                <![CDATA[02/12/2020 07:00]]>
              </value>
            </param>
            <param index="6">
              <value>
                <![CDATA[02/13/2020 17:00]]>
              </value>
            </param>
            <param index="7">
              <value>
                <![CDATA[01/25/2020 07:03]]>
              </value>
            </param>
            <param index="8">
              <value>
                <![CDATA[01/30/2020 23:59]]>
              </value>
            </param>
            <param index="9">
              <value>
                <![CDATA[C:\\Users\\OJT - Project Sec1\\eclipse-workspace\\SeleniumFrameworkFujiSankeiWebsite\\Sample Test Files\\Portable Document File Sample.pdf]]>
              </value>
            </param>
            <param index="10">
              <value>
                <![CDATA[Lifetime]]>
              </value>
            </param>
            <param index="11">
              <value>
                <![CDATA[02/14/2020 10:00 ]]>
              </value>
            </param>
            <param index="12">
              <value>
                <![CDATA[]]>
              </value>
            </param>
            <param index="13">
              <value>
                <![CDATA[]]>
              </value>
            </param>
            <param index="14">
              <value>
                <![CDATA[C:\\Users\\OJT - Project Sec1\\eclipse-workspace\\SeleniumFrameworkFujiSankeiWebsite\\Sample Test Files\\1.jpg]]>
              </value>
            </param>
            <param index="15">
              <value>
                <![CDATA[PEMC Event Survey Form]]>
              </value>
            </param>
            <param index="16">
              <value>
                <![CDATA[Required]]>
              </value>
            </param>
            <param index="17">
              <value>
                <![CDATA[2]]>
              </value>
            </param>
            <param index="18">
              <value>
                <![CDATA[Yes]]>
              </value>
            </param>
            <param index="19">
              <value>
                <![CDATA[Please fill all required(*) fields.]]>
              </value>
            </param>
          </params>
          <reporter-output>
          </reporter-output>
        </test-method> <!-- CreateEvent -->
        <test-method signature="CreateEvent(java.lang.String, java.lang.String, java.lang.String, java.lang.String, java.lang.String, java.lang.String, java.lang.String, java.lang.String, java.lang.String, java.lang.String, java.lang.String, java.lang.String, java.lang.String, java.lang.String, java.lang.String, java.lang.String, java.lang.String, java.lang.String, java.lang.String, java.lang.String)[pri:2, instance:WOG.CMS_EventsAndTrainingsTest@54c62d71]" started-at="2020-01-20T18:35:25 SGT" name="CreateEvent" data-provider="CreateEventTestData" finished-at="2020-01-20T18:35:38 SGT" duration-ms="12639" status="PASS">
          <params>
            <param index="0">
              <value>
                <![CDATA[Public]]>
              </value>
            </param>
            <param index="1">
              <value>
                <![CDATA[PEMC Grand Event]]>
              </value>
            </param>
            <param index="2">
              <value>
                <![CDATA[Boni Mandaluyong near MRT Boni Station]]>
              </value>
            </param>
            <param index="3">
              <value>
                <![CDATA[The quick, brown fox jumps over a lazy dog. DJs flock by when MTV ax quiz prog. Junk MTV quiz graced by fox whelps. Bawds jog, flick quartz, vex nymphs. Waltz, bad nymph, for quick jigs vex! Fox nymphs grab quick-jived waltz. Brick quiz whangs jumpy veldt fox. Bright vixens jump; dozy fowl quack. Quick wafting zephyrs vex bold Jim. Quick zephyrs blow, vexing daft Jim. Sex-charged fop blew my junk TV quiz. How quickly daft jumping zebras vex. Two driven jocks help fax my big quiz. Quick, Baz, get my woven flax jodhpurs! "Now fax quiz Jack!" my brave ghost pled. Five quacking zephyrs jolt my wax bed. Flummoxed by job, kvetching W. zaps Iraq. Cozy sphinx waves quart jug of bad milk. A very bad quack might jinx zippy fowls. Few quips galvanized the mock jury box. Quick brown dogs jump over the lazy fox. The jay, pig, fox, zebra, and my wolves quack! Blowzy red vixens fight og. Watch "Jeo]]>
              </value>
            </param>
            <param index="4">
              <value>
                <![CDATA[Sample Event Form]]>
              </value>
            </param>
            <param index="5">
              <value>
                <![CDATA[02/12/2020 07:00]]>
              </value>
            </param>
            <param index="6">
              <value>
                <![CDATA[02/13/2020 17:00]]>
              </value>
            </param>
            <param index="7">
              <value>
                <![CDATA[01/25/2020 07:04]]>
              </value>
            </param>
            <param index="8">
              <value>
                <![CDATA[01/30/2020 23:59]]>
              </value>
            </param>
            <param index="9">
              <value>
                <![CDATA[C:\\Users\\OJT - Project Sec1\\eclipse-workspace\\SeleniumFrameworkFujiSankeiWebsite\\Sample Test Files\\Portable Document File Sample.pdf]]>
              </value>
            </param>
            <param index="10">
              <value>
                <![CDATA[Custom]]>
              </value>
            </param>
            <param index="11">
              <value>
                <![CDATA[]]>
              </value>
            </param>
            <param index="12">
              <value>
                <![CDATA[02/14/2020 10:00 ]]>
              </value>
            </param>
            <param index="13">
              <value>
                <![CDATA[02/21/2020 10:00 ]]>
              </value>
            </param>
            <param index="14">
              <value>
                <![CDATA[C:\\Users\\OJT - Project Sec1\\eclipse-workspace\\SeleniumFrameworkFujiSankeiWebsite\\Sample Test Files\\1.jpg]]>
              </value>
            </param>
            <param index="15">
              <value>
                <![CDATA[PEMC Event Survey Form]]>
              </value>
            </param>
            <param index="16">
              <value>
                <![CDATA[Required]]>
              </value>
            </param>
            <param index="17">
              <value>
                <![CDATA[2]]>
              </value>
            </param>
            <param index="18">
              <value>
                <![CDATA[Yes]]>
              </value>
            </param>
            <param index="19">
              <value>
                <![CDATA[Please fill all required(*) fields.]]>
              </value>
            </param>
          </params>
          <reporter-output>
          </reporter-output>
        </test-method> <!-- CreateEvent -->
        <test-method signature="CreateEvent(java.lang.String, java.lang.String, java.lang.String, java.lang.String, java.lang.String, java.lang.String, java.lang.String, java.lang.String, java.lang.String, java.lang.String, java.lang.String, java.lang.String, java.lang.String, java.lang.String, java.lang.String, java.lang.String, java.lang.String, java.lang.String, java.lang.String, java.lang.String)[pri:2, instance:WOG.CMS_EventsAndTrainingsTest@54c62d71]" started-at="2020-01-20T18:35:38 SGT" name="CreateEvent" data-provider="CreateEventTestData" finished-at="2020-01-20T18:35:49 SGT" duration-ms="11406" status="PASS">
          <params>
            <param index="0">
              <value>
                <![CDATA[Private]]>
              </value>
            </param>
            <param index="1">
              <value>
                <![CDATA[PEMC Grand Private Event]]>
              </value>
            </param>
            <param index="2">
              <value>
                <![CDATA[Boni Mandaluyong near MRT Boni Station]]>
              </value>
            </param>
            <param index="3">
              <value>
                <![CDATA[The quick, brown fox jumps over a lazy dog. DJs flock by when MTV ax quiz prog. Junk MTV quiz graced by fox whelps. Bawds jog, flick quartz, vex nymphs. Waltz, bad nymph, for quick jigs vex! Fox nymphs grab quick-jived waltz. Brick quiz whangs jumpy veldt fox. Bright vixens jump; dozy fowl quack. Quick wafting zephyrs vex bold Jim. Quick zephyrs blow, vexing daft Jim. Sex-charged fop blew my junk TV quiz. How quickly daft jumping zebras vex. Two driven jocks help fax my big quiz. Quick, Baz, get my woven flax jodhpurs! "Now fax quiz Jack!" my brave ghost pled. Five quacking zephyrs jolt my wax bed. Flummoxed by job, kvetching W. zaps Iraq. Cozy sphinx waves quart jug of bad milk. A very bad quack might jinx zippy fowls. Few quips galvanized the mock jury box. Quick brown dogs jump over the lazy fox. The jay, pig, fox, zebra, and my wolves quack! Blowzy red vixens fight og. Watch "Jeo]]>
              </value>
            </param>
            <param index="4">
              <value>
                <![CDATA[Sample Event Form]]>
              </value>
            </param>
            <param index="5">
              <value>
                <![CDATA[02/12/2020 07:00]]>
              </value>
            </param>
            <param index="6">
              <value>
                <![CDATA[02/13/2020 17:00]]>
              </value>
            </param>
            <param index="7">
              <value>
                <![CDATA[01/25/2020 07:05]]>
              </value>
            </param>
            <param index="8">
              <value>
                <![CDATA[01/30/2020 23:59]]>
              </value>
            </param>
            <param index="9">
              <value>
                <![CDATA[C:\\Users\\OJT - Project Sec1\\eclipse-workspace\\SeleniumFrameworkFujiSankeiWebsite\\Sample Test Files\\Portable Document File Sample.pdf]]>
              </value>
            </param>
            <param index="10">
              <value>
                <![CDATA[Lifetime]]>
              </value>
            </param>
            <param index="11">
              <value>
                <![CDATA[02/14/2020 10:00 ]]>
              </value>
            </param>
            <param index="12">
              <value>
                <![CDATA[]]>
              </value>
            </param>
            <param index="13">
              <value>
                <![CDATA[]]>
              </value>
            </param>
            <param index="14">
              <value>
                <![CDATA[C:\\Users\\OJT - Project Sec1\\eclipse-workspace\\SeleniumFrameworkFujiSankeiWebsite\\Sample Test Files\\1.jpg]]>
              </value>
            </param>
            <param index="15">
              <value>
                <![CDATA[PEMC Event Survey Form]]>
              </value>
            </param>
            <param index="16">
              <value>
                <![CDATA[Required]]>
              </value>
            </param>
            <param index="17">
              <value>
                <![CDATA[2]]>
              </value>
            </param>
            <param index="18">
              <value>
                <![CDATA[Yes]]>
              </value>
            </param>
            <param index="19">
              <value>
                <![CDATA[Please fill all required(*) fields.]]>
              </value>
            </param>
          </params>
          <reporter-output>
          </reporter-output>
        </test-method> <!-- CreateEvent -->
        <test-method signature="CreateEvent(java.lang.String, java.lang.String, java.lang.String, java.lang.String, java.lang.String, java.lang.String, java.lang.String, java.lang.String, java.lang.String, java.lang.String, java.lang.String, java.lang.String, java.lang.String, java.lang.String, java.lang.String, java.lang.String, java.lang.String, java.lang.String, java.lang.String, java.lang.String)[pri:2, instance:WOG.CMS_EventsAndTrainingsTest@54c62d71]" started-at="2020-01-20T18:35:49 SGT" name="CreateEvent" data-provider="CreateEventTestData" finished-at="2020-01-20T18:36:00 SGT" duration-ms="11032" status="PASS">
          <params>
            <param index="0">
              <value>
                <![CDATA[Private]]>
              </value>
            </param>
            <param index="1">
              <value>
                <![CDATA[PEMC Grand Private Event]]>
              </value>
            </param>
            <param index="2">
              <value>
                <![CDATA[Boni Mandaluyong near MRT Boni Station]]>
              </value>
            </param>
            <param index="3">
              <value>
                <![CDATA[The quick, brown fox jumps over a lazy dog. DJs flock by when MTV ax quiz prog. Junk MTV quiz graced by fox whelps. Bawds jog, flick quartz, vex nymphs. Waltz, bad nymph, for quick jigs vex! Fox nymphs grab quick-jived waltz. Brick quiz whangs jumpy veldt fox. Bright vixens jump; dozy fowl quack. Quick wafting zephyrs vex bold Jim. Quick zephyrs blow, vexing daft Jim. Sex-charged fop blew my junk TV quiz. How quickly daft jumping zebras vex. Two driven jocks help fax my big quiz. Quick, Baz, get my woven flax jodhpurs! "Now fax quiz Jack!" my brave ghost pled. Five quacking zephyrs jolt my wax bed. Flummoxed by job, kvetching W. zaps Iraq. Cozy sphinx waves quart jug of bad milk. A very bad quack might jinx zippy fowls. Few quips galvanized the mock jury box. Quick brown dogs jump over the lazy fox. The jay, pig, fox, zebra, and my wolves quack! Blowzy red vixens fight og. Watch "Jeo]]>
              </value>
            </param>
            <param index="4">
              <value>
                <![CDATA[Sample Event Form]]>
              </value>
            </param>
            <param index="5">
              <value>
                <![CDATA[02/12/2020 07:00]]>
              </value>
            </param>
            <param index="6">
              <value>
                <![CDATA[02/13/2020 17:00]]>
              </value>
            </param>
            <param index="7">
              <value>
                <![CDATA[01/25/2020 07:06]]>
              </value>
            </param>
            <param index="8">
              <value>
                <![CDATA[01/30/2020 23:59]]>
              </value>
            </param>
            <param index="9">
              <value>
                <![CDATA[C:\\Users\\OJT - Project Sec1\\eclipse-workspace\\SeleniumFrameworkFujiSankeiWebsite\\Sample Test Files\\Portable Document File Sample.pdf]]>
              </value>
            </param>
            <param index="10">
              <value>
                <![CDATA[Lifetime]]>
              </value>
            </param>
            <param index="11">
              <value>
                <![CDATA[02/14/2020 10:00 ]]>
              </value>
            </param>
            <param index="12">
              <value>
                <![CDATA[]]>
              </value>
            </param>
            <param index="13">
              <value>
                <![CDATA[]]>
              </value>
            </param>
            <param index="14">
              <value>
                <![CDATA[C:\\Users\\OJT - Project Sec1\\eclipse-workspace\\SeleniumFrameworkFujiSankeiWebsite\\Sample Test Files\\1.jpg]]>
              </value>
            </param>
            <param index="15">
              <value>
                <![CDATA[PEMC Event Survey Form]]>
              </value>
            </param>
            <param index="16">
              <value>
                <![CDATA[Required]]>
              </value>
            </param>
            <param index="17">
              <value>
                <![CDATA[2]]>
              </value>
            </param>
            <param index="18">
              <value>
                <![CDATA[Yes]]>
              </value>
            </param>
            <param index="19">
              <value>
                <![CDATA[Please fill all required(*) fields.]]>
              </value>
            </param>
          </params>
          <reporter-output>
          </reporter-output>
        </test-method> <!-- CreateEvent -->
        <test-method signature="CreateEvent(java.lang.String, java.lang.String, java.lang.String, java.lang.String, java.lang.String, java.lang.String, java.lang.String, java.lang.String, java.lang.String, java.lang.String, java.lang.String, java.lang.String, java.lang.String, java.lang.String, java.lang.String, java.lang.String, java.lang.String, java.lang.String, java.lang.String, java.lang.String)[pri:2, instance:WOG.CMS_EventsAndTrainingsTest@54c62d71]" started-at="2020-01-20T18:36:00 SGT" name="CreateEvent" data-provider="CreateEventTestData" finished-at="2020-01-20T18:36:12 SGT" duration-ms="12166" status="PASS">
          <params>
            <param index="0">
              <value>
                <![CDATA[Public]]>
              </value>
            </param>
            <param index="1">
              <value>
                <![CDATA[PEMC Grand Event]]>
              </value>
            </param>
            <param index="2">
              <value>
                <![CDATA[Boni Mandaluyong near MRT Boni Station]]>
              </value>
            </param>
            <param index="3">
              <value>
                <![CDATA[The quick, brown fox jumps over a lazy dog. DJs flock by when MTV ax quiz prog. Junk MTV quiz graced by fox whelps. Bawds jog, flick quartz, vex nymphs. Waltz, bad nymph, for quick jigs vex! Fox nymphs grab quick-jived waltz. Brick quiz whangs jumpy veldt fox. Bright vixens jump; dozy fowl quack. Quick wafting zephyrs vex bold Jim. Quick zephyrs blow, vexing daft Jim. Sex-charged fop blew my junk TV quiz. How quickly daft jumping zebras vex. Two driven jocks help fax my big quiz. Quick, Baz, get my woven flax jodhpurs! "Now fax quiz Jack!" my brave ghost pled. Five quacking zephyrs jolt my wax bed. Flummoxed by job, kvetching W. zaps Iraq. Cozy sphinx waves quart jug of bad milk. A very bad quack might jinx zippy fowls. Few quips galvanized the mock jury box. Quick brown dogs jump over the lazy fox. The jay, pig, fox, zebra, and my wolves quack! Blowzy red vixens fight og. Watch "Jeo]]>
              </value>
            </param>
            <param index="4">
              <value>
                <![CDATA[Sample Event Form]]>
              </value>
            </param>
            <param index="5">
              <value>
                <![CDATA[02/12/2020 07:00]]>
              </value>
            </param>
            <param index="6">
              <value>
                <![CDATA[02/13/2020 17:00]]>
              </value>
            </param>
            <param index="7">
              <value>
                <![CDATA[01/25/2020 07:07]]>
              </value>
            </param>
            <param index="8">
              <value>
                <![CDATA[01/30/2020 23:59]]>
              </value>
            </param>
            <param index="9">
              <value>
                <![CDATA[C:\\Users\\OJT - Project Sec1\\eclipse-workspace\\SeleniumFrameworkFujiSankeiWebsite\\Sample Test Files\\Portable Document File Sample.pdf]]>
              </value>
            </param>
            <param index="10">
              <value>
                <![CDATA[Custom]]>
              </value>
            </param>
            <param index="11">
              <value>
                <![CDATA[]]>
              </value>
            </param>
            <param index="12">
              <value>
                <![CDATA[02/14/2020 10:00 ]]>
              </value>
            </param>
            <param index="13">
              <value>
                <![CDATA[02/21/2020 10:00 ]]>
              </value>
            </param>
            <param index="14">
              <value>
                <![CDATA[C:\\Users\\OJT - Project Sec1\\eclipse-workspace\\SeleniumFrameworkFujiSankeiWebsite\\Sample Test Files\\1.jpg]]>
              </value>
            </param>
            <param index="15">
              <value>
                <![CDATA[PEMC Event Survey Form]]>
              </value>
            </param>
            <param index="16">
              <value>
                <![CDATA[Required]]>
              </value>
            </param>
            <param index="17">
              <value>
                <![CDATA[2]]>
              </value>
            </param>
            <param index="18">
              <value>
                <![CDATA[Yes]]>
              </value>
            </param>
            <param index="19">
              <value>
                <![CDATA[Please fill all required(*) fields.]]>
              </value>
            </param>
          </params>
          <reporter-output>
          </reporter-output>
        </test-method> <!-- CreateEvent -->
        <test-method signature="CreateEvent(java.lang.String, java.lang.String, java.lang.String, java.lang.String, java.lang.String, java.lang.String, java.lang.String, java.lang.String, java.lang.String, java.lang.String, java.lang.String, java.lang.String, java.lang.String, java.lang.String, java.lang.String, java.lang.String, java.lang.String, java.lang.String, java.lang.String, java.lang.String)[pri:2, instance:WOG.CMS_EventsAndTrainingsTest@54c62d71]" started-at="2020-01-20T18:36:12 SGT" name="CreateEvent" data-provider="CreateEventTestData" finished-at="2020-01-20T18:36:24 SGT" duration-ms="11516" status="PASS">
          <params>
            <param index="0">
              <value>
                <![CDATA[Public]]>
              </value>
            </param>
            <param index="1">
              <value>
                <![CDATA[PEMC Grand Event]]>
              </value>
            </param>
            <param index="2">
              <value>
                <![CDATA[Boni Mandaluyong near MRT Boni Station]]>
              </value>
            </param>
            <param index="3">
              <value>
                <![CDATA[The quick, brown fox jumps over a lazy dog. DJs flock by when MTV ax quiz prog. Junk MTV quiz graced by fox whelps. Bawds jog, flick quartz, vex nymphs. Waltz, bad nymph, for quick jigs vex! Fox nymphs grab quick-jived waltz. Brick quiz whangs jumpy veldt fox. Bright vixens jump; dozy fowl quack. Quick wafting zephyrs vex bold Jim. Quick zephyrs blow, vexing daft Jim. Sex-charged fop blew my junk TV quiz. How quickly daft jumping zebras vex. Two driven jocks help fax my big quiz. Quick, Baz, get my woven flax jodhpurs! "Now fax quiz Jack!" my brave ghost pled. Five quacking zephyrs jolt my wax bed. Flummoxed by job, kvetching W. zaps Iraq. Cozy sphinx waves quart jug of bad milk. A very bad quack might jinx zippy fowls. Few quips galvanized the mock jury box. Quick brown dogs jump over the lazy fox. The jay, pig, fox, zebra, and my wolves quack! Blowzy red vixens fight og. Watch "Jeo]]>
              </value>
            </param>
            <param index="4">
              <value>
                <![CDATA[Sample Event Form]]>
              </value>
            </param>
            <param index="5">
              <value>
                <![CDATA[02/12/2020 07:00]]>
              </value>
            </param>
            <param index="6">
              <value>
                <![CDATA[02/13/2020 17:00]]>
              </value>
            </param>
            <param index="7">
              <value>
                <![CDATA[01/25/2020 07:08]]>
              </value>
            </param>
            <param index="8">
              <value>
                <![CDATA[01/30/2020 23:59]]>
              </value>
            </param>
            <param index="9">
              <value>
                <![CDATA[C:\\Users\\OJT - Project Sec1\\eclipse-workspace\\SeleniumFrameworkFujiSankeiWebsite\\Sample Test Files\\Portable Document File Sample.pdf]]>
              </value>
            </param>
            <param index="10">
              <value>
                <![CDATA[Custom]]>
              </value>
            </param>
            <param index="11">
              <value>
                <![CDATA[]]>
              </value>
            </param>
            <param index="12">
              <value>
                <![CDATA[02/14/2020 10:00 ]]>
              </value>
            </param>
            <param index="13">
              <value>
                <![CDATA[02/21/2020 10:00 ]]>
              </value>
            </param>
            <param index="14">
              <value>
                <![CDATA[C:\\Users\\OJT - Project Sec1\\eclipse-workspace\\SeleniumFrameworkFujiSankeiWebsite\\Sample Test Files\\1.jpg]]>
              </value>
            </param>
            <param index="15">
              <value>
                <![CDATA[PEMC Event Survey Form]]>
              </value>
            </param>
            <param index="16">
              <value>
                <![CDATA[Required]]>
              </value>
            </param>
            <param index="17">
              <value>
                <![CDATA[2]]>
              </value>
            </param>
            <param index="18">
              <value>
                <![CDATA[Yes]]>
              </value>
            </param>
            <param index="19">
              <value>
                <![CDATA[Please fill all required(*) fields.]]>
              </value>
            </param>
          </params>
          <reporter-output>
          </reporter-output>
        </test-method> <!-- CreateEvent -->
        <test-method signature="CreateEvent(java.lang.String, java.lang.String, java.lang.String, java.lang.String, java.lang.String, java.lang.String, java.lang.String, java.lang.String, java.lang.String, java.lang.String, java.lang.String, java.lang.String, java.lang.String, java.lang.String, java.lang.String, java.lang.String, java.lang.String, java.lang.String, java.lang.String, java.lang.String)[pri:2, instance:WOG.CMS_EventsAndTrainingsTest@54c62d71]" started-at="2020-01-20T18:36:24 SGT" name="CreateEvent" data-provider="CreateEventTestData" finished-at="2020-01-20T18:36:35 SGT" duration-ms="11063" status="PASS">
          <params>
            <param index="0">
              <value>
                <![CDATA[Private]]>
              </value>
            </param>
            <param index="1">
              <value>
                <![CDATA[PEMC Grand Private Event]]>
              </value>
            </param>
            <param index="2">
              <value>
                <![CDATA[Boni Mandaluyong near MRT Boni Station]]>
              </value>
            </param>
            <param index="3">
              <value>
                <![CDATA[The quick, brown fox jumps over a lazy dog. DJs flock by when MTV ax quiz prog. Junk MTV quiz graced by fox whelps. Bawds jog, flick quartz, vex nymphs. Waltz, bad nymph, for quick jigs vex! Fox nymphs grab quick-jived waltz. Brick quiz whangs jumpy veldt fox. Bright vixens jump; dozy fowl quack. Quick wafting zephyrs vex bold Jim. Quick zephyrs blow, vexing daft Jim. Sex-charged fop blew my junk TV quiz. How quickly daft jumping zebras vex. Two driven jocks help fax my big quiz. Quick, Baz, get my woven flax jodhpurs! "Now fax quiz Jack!" my brave ghost pled. Five quacking zephyrs jolt my wax bed. Flummoxed by job, kvetching W. zaps Iraq. Cozy sphinx waves quart jug of bad milk. A very bad quack might jinx zippy fowls. Few quips galvanized the mock jury box. Quick brown dogs jump over the lazy fox. The jay, pig, fox, zebra, and my wolves quack! Blowzy red vixens fight og. Watch "Jeo]]>
              </value>
            </param>
            <param index="4">
              <value>
                <![CDATA[Sample Event Form]]>
              </value>
            </param>
            <param index="5">
              <value>
                <![CDATA[02/12/2020 07:00]]>
              </value>
            </param>
            <param index="6">
              <value>
                <![CDATA[02/13/2020 17:00]]>
              </value>
            </param>
            <param index="7">
              <value>
                <![CDATA[01/25/2020 07:09]]>
              </value>
            </param>
            <param index="8">
              <value>
                <![CDATA[01/30/2020 23:59]]>
              </value>
            </param>
            <param index="9">
              <value>
                <![CDATA[C:\\Users\\OJT - Project Sec1\\eclipse-workspace\\SeleniumFrameworkFujiSankeiWebsite\\Sample Test Files\\Portable Document File Sample.pdf]]>
              </value>
            </param>
            <param index="10">
              <value>
                <![CDATA[Lifetime]]>
              </value>
            </param>
            <param index="11">
              <value>
                <![CDATA[02/14/2020 10:00 ]]>
              </value>
            </param>
            <param index="12">
              <value>
                <![CDATA[]]>
              </value>
            </param>
            <param index="13">
              <value>
                <![CDATA[]]>
              </value>
            </param>
            <param index="14">
              <value>
                <![CDATA[C:\\Users\\OJT - Project Sec1\\eclipse-workspace\\SeleniumFrameworkFujiSankeiWebsite\\Sample Test Files\\1.jpg]]>
              </value>
            </param>
            <param index="15">
              <value>
                <![CDATA[PEMC Event Survey Form]]>
              </value>
            </param>
            <param index="16">
              <value>
                <![CDATA[Required]]>
              </value>
            </param>
            <param index="17">
              <value>
                <![CDATA[2]]>
              </value>
            </param>
            <param index="18">
              <value>
                <![CDATA[Yes]]>
              </value>
            </param>
            <param index="19">
              <value>
                <![CDATA[Please fill all required(*) fields.]]>
              </value>
            </param>
          </params>
          <reporter-output>
          </reporter-output>
        </test-method> <!-- CreateEvent -->
        <test-method signature="CreateEvent(java.lang.String, java.lang.String, java.lang.String, java.lang.String, java.lang.String, java.lang.String, java.lang.String, java.lang.String, java.lang.String, java.lang.String, java.lang.String, java.lang.String, java.lang.String, java.lang.String, java.lang.String, java.lang.String, java.lang.String, java.lang.String, java.lang.String, java.lang.String)[pri:2, instance:WOG.CMS_EventsAndTrainingsTest@54c62d71]" started-at="2020-01-20T18:36:35 SGT" name="CreateEvent" data-provider="CreateEventTestData" finished-at="2020-01-20T18:36:46 SGT" duration-ms="11396" status="PASS">
          <params>
            <param index="0">
              <value>
                <![CDATA[Private]]>
              </value>
            </param>
            <param index="1">
              <value>
                <![CDATA[PEMC Grand Private Event]]>
              </value>
            </param>
            <param index="2">
              <value>
                <![CDATA[Boni Mandaluyong near MRT Boni Station]]>
              </value>
            </param>
            <param index="3">
              <value>
                <![CDATA[The quick, brown fox jumps over a lazy dog. DJs flock by when MTV ax quiz prog. Junk MTV quiz graced by fox whelps. Bawds jog, flick quartz, vex nymphs. Waltz, bad nymph, for quick jigs vex! Fox nymphs grab quick-jived waltz. Brick quiz whangs jumpy veldt fox. Bright vixens jump; dozy fowl quack. Quick wafting zephyrs vex bold Jim. Quick zephyrs blow, vexing daft Jim. Sex-charged fop blew my junk TV quiz. How quickly daft jumping zebras vex. Two driven jocks help fax my big quiz. Quick, Baz, get my woven flax jodhpurs! "Now fax quiz Jack!" my brave ghost pled. Five quacking zephyrs jolt my wax bed. Flummoxed by job, kvetching W. zaps Iraq. Cozy sphinx waves quart jug of bad milk. A very bad quack might jinx zippy fowls. Few quips galvanized the mock jury box. Quick brown dogs jump over the lazy fox. The jay, pig, fox, zebra, and my wolves quack! Blowzy red vixens fight og. Watch "Jeo]]>
              </value>
            </param>
            <param index="4">
              <value>
                <![CDATA[Sample Event Form]]>
              </value>
            </param>
            <param index="5">
              <value>
                <![CDATA[02/12/2020 07:00]]>
              </value>
            </param>
            <param index="6">
              <value>
                <![CDATA[02/13/2020 17:00]]>
              </value>
            </param>
            <param index="7">
              <value>
                <![CDATA[01/25/2020 07:10]]>
              </value>
            </param>
            <param index="8">
              <value>
                <![CDATA[01/30/2020 23:59]]>
              </value>
            </param>
            <param index="9">
              <value>
                <![CDATA[C:\\Users\\OJT - Project Sec1\\eclipse-workspace\\SeleniumFrameworkFujiSankeiWebsite\\Sample Test Files\\Portable Document File Sample.pdf]]>
              </value>
            </param>
            <param index="10">
              <value>
                <![CDATA[Lifetime]]>
              </value>
            </param>
            <param index="11">
              <value>
                <![CDATA[02/14/2020 10:00 ]]>
              </value>
            </param>
            <param index="12">
              <value>
                <![CDATA[]]>
              </value>
            </param>
            <param index="13">
              <value>
                <![CDATA[]]>
              </value>
            </param>
            <param index="14">
              <value>
                <![CDATA[C:\\Users\\OJT - Project Sec1\\eclipse-workspace\\SeleniumFrameworkFujiSankeiWebsite\\Sample Test Files\\1.jpg]]>
              </value>
            </param>
            <param index="15">
              <value>
                <![CDATA[PEMC Event Survey Form]]>
              </value>
            </param>
            <param index="16">
              <value>
                <![CDATA[Required]]>
              </value>
            </param>
            <param index="17">
              <value>
                <![CDATA[2]]>
              </value>
            </param>
            <param index="18">
              <value>
                <![CDATA[Yes]]>
              </value>
            </param>
            <param index="19">
              <value>
                <![CDATA[Please fill all required(*) fields.]]>
              </value>
            </param>
          </params>
          <reporter-output>
          </reporter-output>
        </test-method> <!-- CreateEvent -->
        <test-method signature="CreateEvent(java.lang.String, java.lang.String, java.lang.String, java.lang.String, java.lang.String, java.lang.String, java.lang.String, java.lang.String, java.lang.String, java.lang.String, java.lang.String, java.lang.String, java.lang.String, java.lang.String, java.lang.String, java.lang.String, java.lang.String, java.lang.String, java.lang.String, java.lang.String)[pri:2, instance:WOG.CMS_EventsAndTrainingsTest@54c62d71]" started-at="2020-01-20T18:36:46 SGT" name="CreateEvent" data-provider="CreateEventTestData" finished-at="2020-01-20T18:36:58 SGT" duration-ms="11368" status="PASS">
          <params>
            <param index="0">
              <value>
                <![CDATA[Private]]>
              </value>
            </param>
            <param index="1">
              <value>
                <![CDATA[PEMC Grand Private Event]]>
              </value>
            </param>
            <param index="2">
              <value>
                <![CDATA[Boni Mandaluyong near MRT Boni Station]]>
              </value>
            </param>
            <param index="3">
              <value>
                <![CDATA[The quick, brown fox jumps over a lazy dog. DJs flock by when MTV ax quiz prog. Junk MTV quiz graced by fox whelps. Bawds jog, flick quartz, vex nymphs. Waltz, bad nymph, for quick jigs vex! Fox nymphs grab quick-jived waltz. Brick quiz whangs jumpy veldt fox. Bright vixens jump; dozy fowl quack. Quick wafting zephyrs vex bold Jim. Quick zephyrs blow, vexing daft Jim. Sex-charged fop blew my junk TV quiz. How quickly daft jumping zebras vex. Two driven jocks help fax my big quiz. Quick, Baz, get my woven flax jodhpurs! "Now fax quiz Jack!" my brave ghost pled. Five quacking zephyrs jolt my wax bed. Flummoxed by job, kvetching W. zaps Iraq. Cozy sphinx waves quart jug of bad milk. A very bad quack might jinx zippy fowls. Few quips galvanized the mock jury box. Quick brown dogs jump over the lazy fox. The jay, pig, fox, zebra, and my wolves quack! Blowzy red vixens fight og. Watch "Jeo]]>
              </value>
            </param>
            <param index="4">
              <value>
                <![CDATA[Sample Event Form]]>
              </value>
            </param>
            <param index="5">
              <value>
                <![CDATA[02/12/2020 07:00]]>
              </value>
            </param>
            <param index="6">
              <value>
                <![CDATA[02/13/2020 17:00]]>
              </value>
            </param>
            <param index="7">
              <value>
                <![CDATA[01/25/2020 07:11]]>
              </value>
            </param>
            <param index="8">
              <value>
                <![CDATA[01/30/2020 23:59]]>
              </value>
            </param>
            <param index="9">
              <value>
                <![CDATA[C:\\Users\\OJT - Project Sec1\\eclipse-workspace\\SeleniumFrameworkFujiSankeiWebsite\\Sample Test Files\\Portable Document File Sample.pdf]]>
              </value>
            </param>
            <param index="10">
              <value>
                <![CDATA[Lifetime]]>
              </value>
            </param>
            <param index="11">
              <value>
                <![CDATA[02/14/2020 10:00 ]]>
              </value>
            </param>
            <param index="12">
              <value>
                <![CDATA[]]>
              </value>
            </param>
            <param index="13">
              <value>
                <![CDATA[]]>
              </value>
            </param>
            <param index="14">
              <value>
                <![CDATA[C:\\Users\\OJT - Project Sec1\\eclipse-workspace\\SeleniumFrameworkFujiSankeiWebsite\\Sample Test Files\\1.jpg]]>
              </value>
            </param>
            <param index="15">
              <value>
                <![CDATA[PEMC Event Survey Form]]>
              </value>
            </param>
            <param index="16">
              <value>
                <![CDATA[Required]]>
              </value>
            </param>
            <param index="17">
              <value>
                <![CDATA[2]]>
              </value>
            </param>
            <param index="18">
              <value>
                <![CDATA[Yes]]>
              </value>
            </param>
            <param index="19">
              <value>
                <![CDATA[Please fill all required(*) fields.]]>
              </value>
            </param>
          </params>
          <reporter-output>
          </reporter-output>
        </test-method> <!-- CreateEvent -->
        <test-method signature="CreateEvent(java.lang.String, java.lang.String, java.lang.String, java.lang.String, java.lang.String, java.lang.String, java.lang.String, java.lang.String, java.lang.String, java.lang.String, java.lang.String, java.lang.String, java.lang.String, java.lang.String, java.lang.String, java.lang.String, java.lang.String, java.lang.String, java.lang.String, java.lang.String)[pri:2, instance:WOG.CMS_EventsAndTrainingsTest@54c62d71]" started-at="2020-01-20T18:36:58 SGT" name="CreateEvent" data-provider="CreateEventTestData" finished-at="2020-01-20T18:37:09 SGT" duration-ms="11614" status="PASS">
          <params>
            <param index="0">
              <value>
                <![CDATA[Private]]>
              </value>
            </param>
            <param index="1">
              <value>
                <![CDATA[PEMC Grand Private Event]]>
              </value>
            </param>
            <param index="2">
              <value>
                <![CDATA[Boni Mandaluyong near MRT Boni Station]]>
              </value>
            </param>
            <param index="3">
              <value>
                <![CDATA[The quick, brown fox jumps over a lazy dog. DJs flock by when MTV ax quiz prog. Junk MTV quiz graced by fox whelps. Bawds jog, flick quartz, vex nymphs. Waltz, bad nymph, for quick jigs vex! Fox nymphs grab quick-jived waltz. Brick quiz whangs jumpy veldt fox. Bright vixens jump; dozy fowl quack. Quick wafting zephyrs vex bold Jim. Quick zephyrs blow, vexing daft Jim. Sex-charged fop blew my junk TV quiz. How quickly daft jumping zebras vex. Two driven jocks help fax my big quiz. Quick, Baz, get my woven flax jodhpurs! "Now fax quiz Jack!" my brave ghost pled. Five quacking zephyrs jolt my wax bed. Flummoxed by job, kvetching W. zaps Iraq. Cozy sphinx waves quart jug of bad milk. A very bad quack might jinx zippy fowls. Few quips galvanized the mock jury box. Quick brown dogs jump over the lazy fox. The jay, pig, fox, zebra, and my wolves quack! Blowzy red vixens fight og. Watch "Jeo]]>
              </value>
            </param>
            <param index="4">
              <value>
                <![CDATA[Sample Event Form]]>
              </value>
            </param>
            <param index="5">
              <value>
                <![CDATA[02/12/2020 07:00]]>
              </value>
            </param>
            <param index="6">
              <value>
                <![CDATA[02/13/2020 17:00]]>
              </value>
            </param>
            <param index="7">
              <value>
                <![CDATA[01/25/2020 07:12]]>
              </value>
            </param>
            <param index="8">
              <value>
                <![CDATA[01/30/2020 23:59]]>
              </value>
            </param>
            <param index="9">
              <value>
                <![CDATA[C:\\Users\\OJT - Project Sec1\\eclipse-workspace\\SeleniumFrameworkFujiSankeiWebsite\\Sample Test Files\\Portable Document File Sample.pdf]]>
              </value>
            </param>
            <param index="10">
              <value>
                <![CDATA[Lifetime]]>
              </value>
            </param>
            <param index="11">
              <value>
                <![CDATA[02/14/2020 10:00 ]]>
              </value>
            </param>
            <param index="12">
              <value>
                <![CDATA[]]>
              </value>
            </param>
            <param index="13">
              <value>
                <![CDATA[]]>
              </value>
            </param>
            <param index="14">
              <value>
                <![CDATA[C:\\Users\\OJT - Project Sec1\\eclipse-workspace\\SeleniumFrameworkFujiSankeiWebsite\\Sample Test Files\\1.jpg]]>
              </value>
            </param>
            <param index="15">
              <value>
                <![CDATA[PEMC Event Survey Form]]>
              </value>
            </param>
            <param index="16">
              <value>
                <![CDATA[Required]]>
              </value>
            </param>
            <param index="17">
              <value>
                <![CDATA[2]]>
              </value>
            </param>
            <param index="18">
              <value>
                <![CDATA[Yes]]>
              </value>
            </param>
            <param index="19">
              <value>
                <![CDATA[Please fill all required(*) fields.]]>
              </value>
            </param>
          </params>
          <reporter-output>
          </reporter-output>
        </test-method> <!-- CreateEvent -->
        <test-method signature="CreateEvent(java.lang.String, java.lang.String, java.lang.String, java.lang.String, java.lang.String, java.lang.String, java.lang.String, java.lang.String, java.lang.String, java.lang.String, java.lang.String, java.lang.String, java.lang.String, java.lang.String, java.lang.String, java.lang.String, java.lang.String, java.lang.String, java.lang.String, java.lang.String)[pri:2, instance:WOG.CMS_EventsAndTrainingsTest@54c62d71]" started-at="2020-01-20T18:37:09 SGT" name="CreateEvent" data-provider="CreateEventTestData" finished-at="2020-01-20T18:37:21 SGT" duration-ms="11467" status="PASS">
          <params>
            <param index="0">
              <value>
                <![CDATA[Public]]>
              </value>
            </param>
            <param index="1">
              <value>
                <![CDATA[PEMC Grand Event]]>
              </value>
            </param>
            <param index="2">
              <value>
                <![CDATA[Boni Mandaluyong near MRT Boni Station]]>
              </value>
            </param>
            <param index="3">
              <value>
                <![CDATA[The quick, brown fox jumps over a lazy dog. DJs flock by when MTV ax quiz prog. Junk MTV quiz graced by fox whelps. Bawds jog, flick quartz, vex nymphs. Waltz, bad nymph, for quick jigs vex! Fox nymphs grab quick-jived waltz. Brick quiz whangs jumpy veldt fox. Bright vixens jump; dozy fowl quack. Quick wafting zephyrs vex bold Jim. Quick zephyrs blow, vexing daft Jim. Sex-charged fop blew my junk TV quiz. How quickly daft jumping zebras vex. Two driven jocks help fax my big quiz. Quick, Baz, get my woven flax jodhpurs! "Now fax quiz Jack!" my brave ghost pled. Five quacking zephyrs jolt my wax bed. Flummoxed by job, kvetching W. zaps Iraq. Cozy sphinx waves quart jug of bad milk. A very bad quack might jinx zippy fowls. Few quips galvanized the mock jury box. Quick brown dogs jump over the lazy fox. The jay, pig, fox, zebra, and my wolves quack! Blowzy red vixens fight og. Watch "Jeo]]>
              </value>
            </param>
            <param index="4">
              <value>
                <![CDATA[Sample Event Form]]>
              </value>
            </param>
            <param index="5">
              <value>
                <![CDATA[02/12/2020 07:00]]>
              </value>
            </param>
            <param index="6">
              <value>
                <![CDATA[02/13/2020 17:00]]>
              </value>
            </param>
            <param index="7">
              <value>
                <![CDATA[01/25/2020 07:13]]>
              </value>
            </param>
            <param index="8">
              <value>
                <![CDATA[01/30/2020 23:59]]>
              </value>
            </param>
            <param index="9">
              <value>
                <![CDATA[C:\\Users\\OJT - Project Sec1\\eclipse-workspace\\SeleniumFrameworkFujiSankeiWebsite\\Sample Test Files\\Portable Document File Sample.pdf]]>
              </value>
            </param>
            <param index="10">
              <value>
                <![CDATA[Custom]]>
              </value>
            </param>
            <param index="11">
              <value>
                <![CDATA[]]>
              </value>
            </param>
            <param index="12">
              <value>
                <![CDATA[02/14/2020 10:00 ]]>
              </value>
            </param>
            <param index="13">
              <value>
                <![CDATA[02/21/2020 10:00 ]]>
              </value>
            </param>
            <param index="14">
              <value>
                <![CDATA[C:\\Users\\OJT - Project Sec1\\eclipse-workspace\\SeleniumFrameworkFujiSankeiWebsite\\Sample Test Files\\1.jpg]]>
              </value>
            </param>
            <param index="15">
              <value>
                <![CDATA[PEMC Event Survey Form]]>
              </value>
            </param>
            <param index="16">
              <value>
                <![CDATA[Required]]>
              </value>
            </param>
            <param index="17">
              <value>
                <![CDATA[2]]>
              </value>
            </param>
            <param index="18">
              <value>
                <![CDATA[Yes]]>
              </value>
            </param>
            <param index="19">
              <value>
                <![CDATA[Please fill all required(*) fields.]]>
              </value>
            </param>
          </params>
          <reporter-output>
          </reporter-output>
        </test-method> <!-- CreateEvent -->
        <test-method signature="CreateEvent(java.lang.String, java.lang.String, java.lang.String, java.lang.String, java.lang.String, java.lang.String, java.lang.String, java.lang.String, java.lang.String, java.lang.String, java.lang.String, java.lang.String, java.lang.String, java.lang.String, java.lang.String, java.lang.String, java.lang.String, java.lang.String, java.lang.String, java.lang.String)[pri:2, instance:WOG.CMS_EventsAndTrainingsTest@54c62d71]" started-at="2020-01-20T18:37:21 SGT" name="CreateEvent" data-provider="CreateEventTestData" finished-at="2020-01-20T18:37:32 SGT" duration-ms="11159" status="PASS">
          <params>
            <param index="0">
              <value>
                <![CDATA[Private]]>
              </value>
            </param>
            <param index="1">
              <value>
                <![CDATA[PEMC Grand Private Event]]>
              </value>
            </param>
            <param index="2">
              <value>
                <![CDATA[Boni Mandaluyong near MRT Boni Station]]>
              </value>
            </param>
            <param index="3">
              <value>
                <![CDATA[The quick, brown fox jumps over a lazy dog. DJs flock by when MTV ax quiz prog. Junk MTV quiz graced by fox whelps. Bawds jog, flick quartz, vex nymphs. Waltz, bad nymph, for quick jigs vex! Fox nymphs grab quick-jived waltz. Brick quiz whangs jumpy veldt fox. Bright vixens jump; dozy fowl quack. Quick wafting zephyrs vex bold Jim. Quick zephyrs blow, vexing daft Jim. Sex-charged fop blew my junk TV quiz. How quickly daft jumping zebras vex. Two driven jocks help fax my big quiz. Quick, Baz, get my woven flax jodhpurs! "Now fax quiz Jack!" my brave ghost pled. Five quacking zephyrs jolt my wax bed. Flummoxed by job, kvetching W. zaps Iraq. Cozy sphinx waves quart jug of bad milk. A very bad quack might jinx zippy fowls. Few quips galvanized the mock jury box. Quick brown dogs jump over the lazy fox. The jay, pig, fox, zebra, and my wolves quack! Blowzy red vixens fight og. Watch "Jeo]]>
              </value>
            </param>
            <param index="4">
              <value>
                <![CDATA[Sample Event Form]]>
              </value>
            </param>
            <param index="5">
              <value>
                <![CDATA[02/12/2020 07:00]]>
              </value>
            </param>
            <param index="6">
              <value>
                <![CDATA[02/13/2020 17:00]]>
              </value>
            </param>
            <param index="7">
              <value>
                <![CDATA[01/25/2020 07:14]]>
              </value>
            </param>
            <param index="8">
              <value>
                <![CDATA[01/30/2020 23:59]]>
              </value>
            </param>
            <param index="9">
              <value>
                <![CDATA[C:\\Users\\OJT - Project Sec1\\eclipse-workspace\\SeleniumFrameworkFujiSankeiWebsite\\Sample Test Files\\Portable Document File Sample.pdf]]>
              </value>
            </param>
            <param index="10">
              <value>
                <![CDATA[Lifetime]]>
              </value>
            </param>
            <param index="11">
              <value>
                <![CDATA[02/14/2020 10:00 ]]>
              </value>
            </param>
            <param index="12">
              <value>
                <![CDATA[]]>
              </value>
            </param>
            <param index="13">
              <value>
                <![CDATA[]]>
              </value>
            </param>
            <param index="14">
              <value>
                <![CDATA[C:\\Users\\OJT - Project Sec1\\eclipse-workspace\\SeleniumFrameworkFujiSankeiWebsite\\Sample Test Files\\1.jpg]]>
              </value>
            </param>
            <param index="15">
              <value>
                <![CDATA[PEMC Event Survey Form]]>
              </value>
            </param>
            <param index="16">
              <value>
                <![CDATA[Required]]>
              </value>
            </param>
            <param index="17">
              <value>
                <![CDATA[2]]>
              </value>
            </param>
            <param index="18">
              <value>
                <![CDATA[Yes]]>
              </value>
            </param>
            <param index="19">
              <value>
                <![CDATA[Please fill all required(*) fields.]]>
              </value>
            </param>
          </params>
          <reporter-output>
          </reporter-output>
        </test-method> <!-- CreateEvent -->
        <test-method signature="CreateEvent(java.lang.String, java.lang.String, java.lang.String, java.lang.String, java.lang.String, java.lang.String, java.lang.String, java.lang.String, java.lang.String, java.lang.String, java.lang.String, java.lang.String, java.lang.String, java.lang.String, java.lang.String, java.lang.String, java.lang.String, java.lang.String, java.lang.String, java.lang.String)[pri:2, instance:WOG.CMS_EventsAndTrainingsTest@54c62d71]" started-at="2020-01-20T18:37:32 SGT" name="CreateEvent" data-provider="CreateEventTestData" finished-at="2020-01-20T18:37:43 SGT" duration-ms="11264" status="PASS">
          <params>
            <param index="0">
              <value>
                <![CDATA[Private]]>
              </value>
            </param>
            <param index="1">
              <value>
                <![CDATA[PEMC Grand Private Event]]>
              </value>
            </param>
            <param index="2">
              <value>
                <![CDATA[Boni Mandaluyong near MRT Boni Station]]>
              </value>
            </param>
            <param index="3">
              <value>
                <![CDATA[The quick, brown fox jumps over a lazy dog. DJs flock by when MTV ax quiz prog. Junk MTV quiz graced by fox whelps. Bawds jog, flick quartz, vex nymphs. Waltz, bad nymph, for quick jigs vex! Fox nymphs grab quick-jived waltz. Brick quiz whangs jumpy veldt fox. Bright vixens jump; dozy fowl quack. Quick wafting zephyrs vex bold Jim. Quick zephyrs blow, vexing daft Jim. Sex-charged fop blew my junk TV quiz. How quickly daft jumping zebras vex. Two driven jocks help fax my big quiz. Quick, Baz, get my woven flax jodhpurs! "Now fax quiz Jack!" my brave ghost pled. Five quacking zephyrs jolt my wax bed. Flummoxed by job, kvetching W. zaps Iraq. Cozy sphinx waves quart jug of bad milk. A very bad quack might jinx zippy fowls. Few quips galvanized the mock jury box. Quick brown dogs jump over the lazy fox. The jay, pig, fox, zebra, and my wolves quack! Blowzy red vixens fight og. Watch "Jeo]]>
              </value>
            </param>
            <param index="4">
              <value>
                <![CDATA[Sample Event Form]]>
              </value>
            </param>
            <param index="5">
              <value>
                <![CDATA[02/12/2020 07:00]]>
              </value>
            </param>
            <param index="6">
              <value>
                <![CDATA[02/13/2020 17:00]]>
              </value>
            </param>
            <param index="7">
              <value>
                <![CDATA[01/25/2020 07:15]]>
              </value>
            </param>
            <param index="8">
              <value>
                <![CDATA[01/30/2020 23:59]]>
              </value>
            </param>
            <param index="9">
              <value>
                <![CDATA[C:\\Users\\OJT - Project Sec1\\eclipse-workspace\\SeleniumFrameworkFujiSankeiWebsite\\Sample Test Files\\Portable Document File Sample.pdf]]>
              </value>
            </param>
            <param index="10">
              <value>
                <![CDATA[Lifetime]]>
              </value>
            </param>
            <param index="11">
              <value>
                <![CDATA[02/14/2020 10:00 ]]>
              </value>
            </param>
            <param index="12">
              <value>
                <![CDATA[]]>
              </value>
            </param>
            <param index="13">
              <value>
                <![CDATA[]]>
              </value>
            </param>
            <param index="14">
              <value>
                <![CDATA[C:\\Users\\OJT - Project Sec1\\eclipse-workspace\\SeleniumFrameworkFujiSankeiWebsite\\Sample Test Files\\1.jpg]]>
              </value>
            </param>
            <param index="15">
              <value>
                <![CDATA[PEMC Event Survey Form]]>
              </value>
            </param>
            <param index="16">
              <value>
                <![CDATA[Required]]>
              </value>
            </param>
            <param index="17">
              <value>
                <![CDATA[2]]>
              </value>
            </param>
            <param index="18">
              <value>
                <![CDATA[Yes]]>
              </value>
            </param>
            <param index="19">
              <value>
                <![CDATA[Please fill all required(*) fields.]]>
              </value>
            </param>
          </params>
          <reporter-output>
[...]
            </param>
            <param index="15">
              <value>
                <![CDATA[PEMC Event Survey Form]]>
              </value>
            </param>
            <param index="16">
              <value>
                <![CDATA[Required]]>
              </value>
            </param>
            <param index="17">
              <value>
                <![CDATA[2]]>
              </value>
            </param>
            <param index="18">
              <value>
                <![CDATA[Yes]]>
              </value>
            </param>
            <param index="19">
              <value>
                <![CDATA[Please fill all required(*) fields.]]>
              </value>
            </param>
          </params>
          <reporter-output>
          </reporter-output>
        </test-method> <!-- CreateEvent -->
        <test-method signature="CreateEvent(java.lang.String, java.lang.String, java.lang.String, java.lang.String, java.lang.String, java.lang.String, java.lang.String, java.lang.String, java.lang.String, java.lang.String, java.lang.String, java.lang.String, java.lang.String, java.lang.String, java.lang.String, java.lang.String, java.lang.String, java.lang.String, java.lang.String, java.lang.String)[pri:2, instance:WOG.CMS_EventsAndTrainingsTest@54c62d71]" started-at="2020-01-20T18:39:52 SGT" name="CreateEvent" data-provider="CreateEventTestData" finished-at="2020-01-20T18:40:04 SGT" duration-ms="12399" status="PASS">
          <params>
            <param index="0">
              <value>
                <![CDATA[Public]]>
              </value>
            </param>
            <param index="1">
              <value>
                <![CDATA[PEMC Grand Event]]>
              </value>
            </param>
            <param index="2">
              <value>
                <![CDATA[Boni Mandaluyong near MRT Boni Station]]>
              </value>
            </param>
            <param index="3">
              <value>
                <![CDATA[The quick, brown fox jumps over a lazy dog. DJs flock by when MTV ax quiz prog. Junk MTV quiz graced by fox whelps. Bawds jog, flick quartz, vex nymphs. Waltz, bad nymph, for quick jigs vex! Fox nymphs grab quick-jived waltz. Brick quiz whangs jumpy veldt fox. Bright vixens jump; dozy fowl quack. Quick wafting zephyrs vex bold Jim. Quick zephyrs blow, vexing daft Jim. Sex-charged fop blew my junk TV quiz. How quickly daft jumping zebras vex. Two driven jocks help fax my big quiz. Quick, Baz, get my woven flax jodhpurs! "Now fax quiz Jack!" my brave ghost pled. Five quacking zephyrs jolt my wax bed. Flummoxed by job, kvetching W. zaps Iraq. Cozy sphinx waves quart jug of bad milk. A very bad quack might jinx zippy fowls. Few quips galvanized the mock jury box. Quick brown dogs jump over the lazy fox. The jay, pig, fox, zebra, and my wolves quack! Blowzy red vixens fight og. Watch "Jeo]]>
              </value>
            </param>
            <param index="4">
              <value>
                <![CDATA[Sample Event Form]]>
              </value>
            </param>
            <param index="5">
              <value>
                <![CDATA[02/12/2020 07:00]]>
              </value>
            </param>
            <param index="6">
              <value>
                <![CDATA[02/13/2020 17:00]]>
              </value>
            </param>
            <param index="7">
              <value>
                <![CDATA[01/25/2020 07:27]]>
              </value>
            </param>
            <param index="8">
              <value>
                <![CDATA[01/30/2020 23:59]]>
              </value>
            </param>
            <param index="9">
              <value>
                <![CDATA[C:\\Users\\OJT - Project Sec1\\eclipse-workspace\\SeleniumFrameworkFujiSankeiWebsite\\Sample Test Files\\Portable Document File Sample.pdf]]>
              </value>
            </param>
            <param index="10">
              <value>
                <![CDATA[Custom]]>
              </value>
            </param>
            <param index="11">
              <value>
                <![CDATA[]]>
              </value>
            </param>
            <param index="12">
              <value>
                <![CDATA[02/14/2020 10:00 ]]>
              </value>
            </param>
            <param index="13">
              <value>
                <![CDATA[02/21/2020 10:00 ]]>
              </value>
            </param>
            <param index="14">
              <value>
                <![CDATA[C:\\Users\\OJT - Project Sec1\\eclipse-workspace\\SeleniumFrameworkFujiSankeiWebsite\\Sample Test Files\\1.jpg]]>
              </value>
            </param>
            <param index="15">
              <value>
                <![CDATA[PEMC Event Survey Form]]>
              </value>
            </param>
            <param index="16">
              <value>
                <![CDATA[Required]]>
              </value>
            </param>
            <param index="17">
              <value>
                <![CDATA[2]]>
              </value>
            </param>
            <param index="18">
              <value>
                <![CDATA[Yes]]>
              </value>
            </param>
            <param index="19">
              <value>
                <![CDATA[Please fill all required(*) fields.]]>
              </value>
            </param>
          </params>
          <reporter-output>
          </reporter-output>
        </test-method> <!-- CreateEvent -->
        <test-method signature="CreateEvent(java.lang.String, java.lang.String, java.lang.String, java.lang.String, java.lang.String, java.lang.String, java.lang.String, java.lang.String, java.lang.String, java.lang.String, java.lang.String, java.lang.String, java.lang.String, java.lang.String, java.lang.String, java.lang.String, java.lang.String, java.lang.String, java.lang.String, java.lang.String)[pri:2, instance:WOG.CMS_EventsAndTrainingsTest@54c62d71]" started-at="2020-01-20T18:40:04 SGT" name="CreateEvent" data-provider="CreateEventTestData" finished-at="2020-01-20T18:40:16 SGT" duration-ms="11632" status="PASS">
          <params>
            <param index="0">
              <value>
                <![CDATA[Private]]>
              </value>
            </param>
            <param index="1">
              <value>
                <![CDATA[PEMC Grand Private Event]]>
              </value>
            </param>
            <param index="2">
              <value>
                <![CDATA[Boni Mandaluyong near MRT Boni Station]]>
              </value>
            </param>
            <param index="3">
              <value>
                <![CDATA[The quick, brown fox jumps over a lazy dog. DJs flock by when MTV ax quiz prog. Junk MTV quiz graced by fox whelps. Bawds jog, flick quartz, vex nymphs. Waltz, bad nymph, for quick jigs vex! Fox nymphs grab quick-jived waltz. Brick quiz whangs jumpy veldt fox. Bright vixens jump; dozy fowl quack. Quick wafting zephyrs vex bold Jim. Quick zephyrs blow, vexing daft Jim. Sex-charged fop blew my junk TV quiz. How quickly daft jumping zebras vex. Two driven jocks help fax my big quiz. Quick, Baz, get my woven flax jodhpurs! "Now fax quiz Jack!" my brave ghost pled. Five quacking zephyrs jolt my wax bed. Flummoxed by job, kvetching W. zaps Iraq. Cozy sphinx waves quart jug of bad milk. A very bad quack might jinx zippy fowls. Few quips galvanized the mock jury box. Quick brown dogs jump over the lazy fox. The jay, pig, fox, zebra, and my wolves quack! Blowzy red vixens fight og. Watch "Jeo]]>
              </value>
            </param>
            <param index="4">
              <value>
                <![CDATA[Sample Event Form]]>
              </value>
            </param>
            <param index="5">
              <value>
                <![CDATA[02/12/2020 07:00]]>
              </value>
            </param>
            <param index="6">
              <value>
                <![CDATA[02/13/2020 17:00]]>
              </value>
            </param>
            <param index="7">
              <value>
                <![CDATA[01/25/2020 07:28]]>
              </value>
            </param>
            <param index="8">
              <value>
                <![CDATA[01/30/2020 23:59]]>
              </value>
            </param>
            <param index="9">
              <value>
                <![CDATA[C:\\Users\\OJT - Project Sec1\\eclipse-workspace\\SeleniumFrameworkFujiSankeiWebsite\\Sample Test Files\\Portable Document File Sample.pdf]]>
              </value>
            </param>
            <param index="10">
              <value>
                <![CDATA[Lifetime]]>
              </value>
            </param>
            <param index="11">
              <value>
                <![CDATA[02/14/2020 10:00 ]]>
              </value>
            </param>
            <param index="12">
              <value>
                <![CDATA[]]>
              </value>
            </param>
            <param index="13">
              <value>
                <![CDATA[]]>
              </value>
            </param>
            <param index="14">
              <value>
                <![CDATA[C:\\Users\\OJT - Project Sec1\\eclipse-workspace\\SeleniumFrameworkFujiSankeiWebsite\\Sample Test Files\\1.jpg]]>
              </value>
            </param>
            <param index="15">
              <value>
                <![CDATA[PEMC Event Survey Form]]>
              </value>
            </param>
            <param index="16">
              <value>
                <![CDATA[Required]]>
              </value>
            </param>
            <param index="17">
              <value>
                <![CDATA[2]]>
              </value>
            </param>
            <param index="18">
              <value>
                <![CDATA[Yes]]>
              </value>
            </param>
            <param index="19">
              <value>
                <![CDATA[Please fill all required(*) fields.]]>
              </value>
            </param>
          </params>
          <reporter-output>
          </reporter-output>
        </test-method> <!-- CreateEvent -->
        <test-method signature="CreateEvent(java.lang.String, java.lang.String, java.lang.String, java.lang.String, java.lang.String, java.lang.String, java.lang.String, java.lang.String, java.lang.String, java.lang.String, java.lang.String, java.lang.String, java.lang.String, java.lang.String, java.lang.String, java.lang.String, java.lang.String, java.lang.String, java.lang.String, java.lang.String)[pri:2, instance:WOG.CMS_EventsAndTrainingsTest@54c62d71]" started-at="2020-01-20T18:40:16 SGT" name="CreateEvent" data-provider="CreateEventTestData" finished-at="2020-01-20T18:40:28 SGT" duration-ms="12000" status="PASS">
          <params>
            <param index="0">
              <value>
                <![CDATA[Private]]>
              </value>
            </param>
            <param index="1">
              <value>
                <![CDATA[PEMC Grand Private Event]]>
              </value>
            </param>
            <param index="2">
              <value>
                <![CDATA[Boni Mandaluyong near MRT Boni Station]]>
              </value>
            </param>
            <param index="3">
              <value>
                <![CDATA[The quick, brown fox jumps over a lazy dog. DJs flock by when MTV ax quiz prog. Junk MTV quiz graced by fox whelps. Bawds jog, flick quartz, vex nymphs. Waltz, bad nymph, for quick jigs vex! Fox nymphs grab quick-jived waltz. Brick quiz whangs jumpy veldt fox. Bright vixens jump; dozy fowl quack. Quick wafting zephyrs vex bold Jim. Quick zephyrs blow, vexing daft Jim. Sex-charged fop blew my junk TV quiz. How quickly daft jumping zebras vex. Two driven jocks help fax my big quiz. Quick, Baz, get my woven flax jodhpurs! "Now fax quiz Jack!" my brave ghost pled. Five quacking zephyrs jolt my wax bed. Flummoxed by job, kvetching W. zaps Iraq. Cozy sphinx waves quart jug of bad milk. A very bad quack might jinx zippy fowls. Few quips galvanized the mock jury box. Quick brown dogs jump over the lazy fox. The jay, pig, fox, zebra, and my wolves quack! Blowzy red vixens fight og. Watch "Jeo]]>
              </value>
            </param>
            <param index="4">
              <value>
                <![CDATA[Sample Event Form]]>
              </value>
            </param>
            <param index="5">
              <value>
                <![CDATA[02/12/2020 07:00]]>
              </value>
            </param>
            <param index="6">
              <value>
                <![CDATA[02/13/2020 17:00]]>
              </value>
            </param>
            <param index="7">
              <value>
                <![CDATA[01/25/2020 07:29]]>
              </value>
            </param>
            <param index="8">
              <value>
                <![CDATA[01/30/2020 23:59]]>
              </value>
            </param>
            <param index="9">
              <value>
                <![CDATA[C:\\Users\\OJT - Project Sec1\\eclipse-workspace\\SeleniumFrameworkFujiSankeiWebsite\\Sample Test Files\\Portable Document File Sample.pdf]]>
              </value>
            </param>
            <param index="10">
              <value>
                <![CDATA[Lifetime]]>
              </value>
            </param>
            <param index="11">
              <value>
                <![CDATA[02/14/2020 10:00 ]]>
              </value>
            </param>
            <param index="12">
              <value>
                <![CDATA[]]>
              </value>
            </param>
            <param index="13">
              <value>
                <![CDATA[]]>
              </value>
            </param>
            <param index="14">
              <value>
                <![CDATA[C:\\Users\\OJT - Project Sec1\\eclipse-workspace\\SeleniumFrameworkFujiSankeiWebsite\\Sample Test Files\\1.jpg]]>
              </value>
            </param>
            <param index="15">
              <value>
                <![CDATA[PEMC Event Survey Form]]>
              </value>
            </param>
            <param index="16">
              <value>
                <![CDATA[Required]]>
              </value>
            </param>
            <param index="17">
              <value>
                <![CDATA[2]]>
              </value>
            </param>
            <param index="18">
              <value>
                <![CDATA[Yes]]>
              </value>
            </param>
            <param index="19">
              <value>
                <![CDATA[Please fill all required(*) fields.]]>
              </value>
            </param>
          </params>
          <reporter-output>
          </reporter-output>
        </test-method> <!-- CreateEvent -->
        <test-method signature="CreateEvent(java.lang.String, java.lang.String, java.lang.String, java.lang.String, java.lang.String, java.lang.String, java.lang.String, java.lang.String, java.lang.String, java.lang.String, java.lang.String, java.lang.String, java.lang.String, java.lang.String, java.lang.String, java.lang.String, java.lang.String, java.lang.String, java.lang.String, java.lang.String)[pri:2, instance:WOG.CMS_EventsAndTrainingsTest@54c62d71]" started-at="2020-01-20T18:40:28 SGT" name="CreateEvent" data-provider="CreateEventTestData" finished-at="2020-01-20T18:40:40 SGT" duration-ms="12281" status="PASS">
          <params>
            <param index="0">
              <value>
                <![CDATA[Public]]>
              </value>
            </param>
            <param index="1">
              <value>
                <![CDATA[PEMC Grand Event]]>
              </value>
            </param>
            <param index="2">
              <value>
                <![CDATA[Boni Mandaluyong near MRT Boni Station]]>
              </value>
            </param>
            <param index="3">
              <value>
                <![CDATA[The quick, brown fox jumps over a lazy dog. DJs flock by when MTV ax quiz prog. Junk MTV quiz graced by fox whelps. Bawds jog, flick quartz, vex nymphs. Waltz, bad nymph, for quick jigs vex! Fox nymphs grab quick-jived waltz. Brick quiz whangs jumpy veldt fox. Bright vixens jump; dozy fowl quack. Quick wafting zephyrs vex bold Jim. Quick zephyrs blow, vexing daft Jim. Sex-charged fop blew my junk TV quiz. How quickly daft jumping zebras vex. Two driven jocks help fax my big quiz. Quick, Baz, get my woven flax jodhpurs! "Now fax quiz Jack!" my brave ghost pled. Five quacking zephyrs jolt my wax bed. Flummoxed by job, kvetching W. zaps Iraq. Cozy sphinx waves quart jug of bad milk. A very bad quack might jinx zippy fowls. Few quips galvanized the mock jury box. Quick brown dogs jump over the lazy fox. The jay, pig, fox, zebra, and my wolves quack! Blowzy red vixens fight og. Watch "Jeo]]>
              </value>
            </param>
            <param index="4">
              <value>
                <![CDATA[Sample Event Form]]>
              </value>
            </param>
            <param index="5">
              <value>
                <![CDATA[02/12/2020 07:00]]>
              </value>
            </param>
            <param index="6">
              <value>
                <![CDATA[02/13/2020 17:00]]>
              </value>
            </param>
            <param index="7">
              <value>
                <![CDATA[01/25/2020 07:27]]>
              </value>
            </param>
            <param index="8">
              <value>
                <![CDATA[01/30/2020 23:59]]>
              </value>
            </param>
            <param index="9">
              <value>
                <![CDATA[C:\\Users\\OJT - Project Sec1\\eclipse-workspace\\SeleniumFrameworkFujiSankeiWebsite\\Sample Test Files\\Portable Document File Sample.pdf]]>
              </value>
            </param>
            <param index="10">
              <value>
                <![CDATA[Custom]]>
              </value>
            </param>
            <param index="11">
              <value>
                <![CDATA[]]>
              </value>
            </param>
            <param index="12">
              <value>
                <![CDATA[02/14/2020 10:00 ]]>
              </value>
            </param>
            <param index="13">
              <value>
                <![CDATA[02/21/2020 10:00 ]]>
              </value>
            </param>
            <param index="14">
              <value>
                <![CDATA[C:\\Users\\OJT - Project Sec1\\eclipse-workspace\\SeleniumFrameworkFujiSankeiWebsite\\Sample Test Files\\1.jpg]]>
              </value>
            </param>
            <param index="15">
              <value>
                <![CDATA[PEMC Event Survey Form]]>
              </value>
            </param>
            <param index="16">
              <value>
                <![CDATA[Required]]>
              </value>
            </param>
            <param index="17">
              <value>
                <![CDATA[2]]>
              </value>
            </param>
            <param index="18">
              <value>
                <![CDATA[Yes]]>
              </value>
            </param>
            <param index="19">
              <value>
                <![CDATA[Please fill all required(*) fields.]]>
              </value>
            </param>
          </params>
          <reporter-output>
          </reporter-output>
        </test-method> <!-- CreateEvent -->
        <test-method is-config="true" signature="tearDown()[pri:0, instance:WOG.CMS_EventsAndTrainingsTest@54c62d71]" started-at="2020-01-20T18:40:40 SGT" name="tearDown" finished-at="2020-01-20T18:40:41 SGT" duration-ms="602" status="PASS">
          <reporter-output>
          </reporter-output>
        </test-method> <!-- tearDown -->
      </class> <!-- WOG.CMS_EventsAndTrainingsTest -->
    </test> <!-- Default test -->
  </suite> <!-- Default suite -->
</testng-results>
