<?xml version="1.0" encoding="UTF-8"?>
<testng-results skipped="0" failed="1" ignored="0" total="2" passed="1">
  <reporter-output>
  </reporter-output>
  <suite name="Default suite" duration-ms="86601" started-at="2020-01-10T10:54:41Z" finished-at="2020-01-10T10:56:08Z">
    <groups>
    </groups>
    <test name="Default test" duration-ms="86601" started-at="2020-01-10T10:54:41Z" finished-at="2020-01-10T10:56:08Z">
      <class name="WOG.CMS_EventsAndTrainingsTest">
        <test-method status="PASS" signature="initialize()[pri:0, instance:WOG.CMS_EventsAndTrainingsTest@4567f35d]" name="initialize" is-config="true" duration-ms="12478" started-at="2020-01-10T10:54:41Z" finished-at="2020-01-10T10:54:54Z">
          <reporter-output>
          </reporter-output>
        </test-method> <!-- initialize -->
        <test-method status="PASS" signature="CreateEvent(java.lang.String, java.lang.String, java.lang.String, java.lang.String, java.lang.String, java.lang.String, java.lang.String, java.lang.String, java.lang.String, java.lang.String, java.lang.String, java.lang.String, java.lang.String, java.lang.String, java.lang.String, java.lang.String, java.lang.String, java.lang.String, java.lang.String)[pri:0, instance:WOG.CMS_EventsAndTrainingsTest@4567f35d]" name="CreateEvent" duration-ms="38447" started-at="2020-01-10T10:54:55Z" data-provider="E_001" finished-at="2020-01-10T10:55:33Z">
          <params>
            <param index="0">
              <value>
                <![CDATA[Public]]>
              </value>
            </param>
            <param index="1">
              <value>
                <![CDATA[PEMC Grand Event]]>
              </value>
            </param>
            <param index="2">
              <value>
                <![CDATA[Boni Mandaluyong near MRT Boni Station]]>
              </value>
            </param>
            <param index="3">
              <value>
                <![CDATA[The quick, brown fox jumps over a lazy dog. DJs flock by when MTV ax quiz prog. Junk MTV quiz graced by fox whelps. Bawds jog, flick quartz, vex nymphs. Waltz, bad nymph, for quick jigs vex! Fox nymphs grab quick-jived waltz. Brick quiz whangs jumpy veldt fox. Bright vixens jump; dozy fowl quack. Quick wafting zephyrs vex bold Jim. Quick zephyrs blow, vexing daft Jim. Sex-charged fop blew my junk TV quiz. How quickly daft jumping zebras vex. Two driven jocks help fax my big quiz. Quick, Baz, get my woven flax jodhpurs! "Now fax quiz Jack!" my brave ghost pled. Five quacking zephyrs jolt my wax bed. Flummoxed by job, kvetching W. zaps Iraq. Cozy sphinx waves quart jug of bad milk. A very bad quack might jinx zippy fowls. Few quips galvanized the mock jury box. Quick brown dogs jump over the lazy fox. The jay, pig, fox, zebra, and my wolves quack! Blowzy red vixens fight for a quick jump. Joaquin Phoenix was gazed by MTV for luck. A wizard’s job is to vex chumps quickly in fog. Watch "Jeopardy!", Alex Trebek's fun TV quiz game. Woven silk pyjamas exchanged for blue quartz. Brawny gods just flocked up to quiz and vex him. Adjusting quiver and bow, Zompyc[1] killed the fox. My faxed joke won a pager in the cable TV quiz show. Amazingly few discotheques provide jukeboxes. My girl wove six dozen plaid jackets before she quit. Six big devils from Japan quickly forgot how to waltz. Big July earthquakes confound zany experimental vow. Foxy parsons quiz and cajole the lovably dim wiki-girl. Have a pick: twenty six letters - no forcing a jumbled quiz! Crazy Fredericka bought many very exquisite opal jewels. Sixty zippers were quickly picked from the woven jute bag. A quick movement of the enemy will jeopardize six gunboats. All questions asked by five watch experts amazed the judge. Jack quietly moved up front and seized the big ball of wax.The quick, brown fox jumps over a lazy dog. DJs flock by when MTV ax quiz prog. Junk MTV quiz graced by fox whelps. Bawds jog, flick quartz, vex nymphs. Waltz, bad nymph, for quick jigs vex! Fox nymphs grab quick-jived waltz. Brick quiz whangs jumpy veldt fox. Bright vixens jump; dozy fowl quack. Quick wafting zephyrs vex bold Jim. Quick zephyrs blow, vexing daft Jim. Sex-charged fop blew my junk TV quiz. How quickly daft jumping zebras vex. Two driven jocks help fax my big quiz. Quick, Baz, get my woven flax jodhpurs! "Now fax quiz Jack!" my brave ghost pled. Five quacking zephyrs jolt my wax bed. Flummoxed by job, kvetching W. zaps Iraq. Cozy sphinx waves quart jug of bad milk. A very bad quack might jinx zippy fowls. Few quips galvanized the mock jury box. Quick brown dogs jump over the lazy fox. The jay, pig, fox, zebra, and my wolves quack! Blowzy red vixens fight for a quick jump. Joaquin Phoenix was gazed by MTV for luck. A wizard’s job is to vex chumps quickly in fog. Watch "Jeopardy!", Alex Trebek's fun TV quiz game. Woven silk pyjamas exchanged for blue quartz. Brawny gods just flocked up to quiz and vex him. Adjusting quiver and bow, Zompyc[1] killed the fox. My faxed joke won a pager in the cable TV quiz show. Amazingly few discotheques provide jukeboxes. My girl wove six dozen plaid jackets before she quit. Six big devils from Japan quickly forgot how to waltz. Big July earthquakes confound zany experimental vow. Foxy parsons quiz and cajole the lovably dim wiki-girl. Have a]]>
              </value>
            </param>
            <param index="4">
              <value>
                <![CDATA[Sample Event Form]]>
              </value>
            </param>
            <param index="5">
              <value>
                <![CDATA[01/15/2020 08:00]]>
              </value>
            </param>
            <param index="6">
              <value>
                <![CDATA[01/20/2020 17:00]]>
              </value>
            </param>
            <param index="7">
              <value>
                <![CDATA[01/10/2019 07:00]]>
              </value>
            </param>
            <param index="8">
              <value>
                <![CDATA[01/14/2020 23:59]]>
              </value>
            </param>
            <param index="9">
              <value>
                <![CDATA[C:\\Users\\OJT - Project Sec1\\eclipse-workspace\\SeleniumFrameworkFujiSankeiWebsite\\Sample Test Files\\Portable Document File Sample.pdf]]>
              </value>
            </param>
            <param index="10">
              <value>
                <![CDATA[Custom]]>
              </value>
            </param>
            <param index="11">
              <value>
                <![CDATA[]]>
              </value>
            </param>
            <param index="12">
              <value>
                <![CDATA[01/21/2020 10:00 ]]>
              </value>
            </param>
            <param index="13">
              <value>
                <![CDATA[02/21/2020 10:00 ]]>
              </value>
            </param>
            <param index="14">
              <value>
                <![CDATA[C:\\Users\\OJT - Project Sec1\\eclipse-workspace\\SeleniumFrameworkFujiSankeiWebsite\\Sample Test Files\\1.jpg]]>
              </value>
            </param>
            <param index="15">
              <value>
                <![CDATA[PEMC Event Survey Form]]>
              </value>
            </param>
            <param index="16">
              <value>
                <![CDATA[Required]]>
              </value>
            </param>
            <param index="17">
              <value>
                <![CDATA[2]]>
              </value>
            </param>
            <param index="18">
              <value>
                <![CDATA[Yes]]>
              </value>
            </param>
          </params>
          <reporter-output>
          </reporter-output>
        </test-method> <!-- CreateEvent -->
        <test-method status="FAIL" signature="Edit_Event()[pri:0, instance:WOG.CMS_EventsAndTrainingsTest@4567f35d]" name="Edit_Event" duration-ms="30123" started-at="2020-01-10T10:55:33Z" finished-at="2020-01-10T10:56:04Z">
          <exception class="org.openqa.selenium.NoSuchElementException">
            <message>
              <![CDATA[no such element: Unable to locate element: {"method":"css selector","selector":"*[name='username']"}
  (Session info: chrome=79.0.3945.117)
For documentation on this error, please visit: https://www.seleniumhq.org/exceptions/no_such_element.html
Build info: version: '3.141.59', revision: 'e82be7d358', time: '2018-11-14T08:17:03'
System info: host: 'GERALD-PC', ip: '192.168.4.176', os.name: 'Windows 10', os.arch: 'amd64', os.version: '10.0', java.version: '1.8.0_201'
Driver info: org.openqa.selenium.chrome.ChromeDriver
Capabilities {acceptInsecureCerts: false, browserName: chrome, browserVersion: 79.0.3945.117, chrome: {chromedriverVersion: 78.0.3904.70 (edb9c9f3de024..., userDataDir: C:\Users\OJT-PR~1\AppData\L...}, goog:chromeOptions: {debuggerAddress: localhost:59214}, javascriptEnabled: true, networkConnectionEnabled: false, pageLoadStrategy: normal, platform: XP, platformName: XP, proxy: Proxy(), setWindowRect: true, strictFileInteractability: false, timeouts: {implicit: 0, pageLoad: 300000, script: 30000}, unhandledPromptBehavior: dismiss and notify}
Session ID: 9f39bfb41901e808bbb4b819eb152357
*** Element info: {Using=name, value=username}]]>
            </message>
            <full-stacktrace>
              <![CDATA[org.openqa.selenium.NoSuchElementException: no such element: Unable to locate element: {"method":"css selector","selector":"*[name='username']"}
  (Session info: chrome=79.0.3945.117)
For documentation on this error, please visit: https://www.seleniumhq.org/exceptions/no_such_element.html
Build info: version: '3.141.59', revision: 'e82be7d358', time: '2018-11-14T08:17:03'
System info: host: 'GERALD-PC', ip: '192.168.4.176', os.name: 'Windows 10', os.arch: 'amd64', os.version: '10.0', java.version: '1.8.0_201'
Driver info: org.openqa.selenium.chrome.ChromeDriver
Capabilities {acceptInsecureCerts: false, browserName: chrome, browserVersion: 79.0.3945.117, chrome: {chromedriverVersion: 78.0.3904.70 (edb9c9f3de024..., userDataDir: C:\Users\OJT-PR~1\AppData\L...}, goog:chromeOptions: {debuggerAddress: localhost:59214}, javascriptEnabled: true, networkConnectionEnabled: false, pageLoadStrategy: normal, platform: XP, platformName: XP, proxy: Proxy(), setWindowRect: true, strictFileInteractability: false, timeouts: {implicit: 0, pageLoad: 300000, script: 30000}, unhandledPromptBehavior: dismiss and notify}
Session ID: 9f39bfb41901e808bbb4b819eb152357
*** Element info: {Using=name, value=username}
at sun.reflect.NativeConstructorAccessorImpl.newInstance0(Native Method)
at sun.reflect.NativeConstructorAccessorImpl.newInstance(Unknown Source)
at sun.reflect.DelegatingConstructorAccessorImpl.newInstance(Unknown Source)
at java.lang.reflect.Constructor.newInstance(Unknown Source)
at org.openqa.selenium.remote.http.W3CHttpResponseCodec.createException(W3CHttpResponseCodec.java:187)
at org.openqa.selenium.remote.http.W3CHttpResponseCodec.decode(W3CHttpResponseCodec.java:122)
at org.openqa.selenium.remote.http.W3CHttpResponseCodec.decode(W3CHttpResponseCodec.java:49)
at org.openqa.selenium.remote.HttpCommandExecutor.execute(HttpCommandExecutor.java:158)
at org.openqa.selenium.remote.service.DriverCommandExecutor.execute(DriverCommandExecutor.java:83)
at org.openqa.selenium.remote.RemoteWebDriver.execute(RemoteWebDriver.java:552)
at org.openqa.selenium.remote.RemoteWebDriver.findElement(RemoteWebDriver.java:323)
at org.openqa.selenium.remote.RemoteWebDriver.findElementByName(RemoteWebDriver.java:404)
at org.openqa.selenium.By$ByName.findElement(By.java:284)
at org.openqa.selenium.remote.RemoteWebDriver.findElement(RemoteWebDriver.java:315)
at org.openqa.selenium.support.pagefactory.DefaultElementLocator.findElement(DefaultElementLocator.java:69)
at org.openqa.selenium.support.pagefactory.internal.LocatingElementHandler.invoke(LocatingElementHandler.java:38)
at com.sun.proxy.$Proxy14.sendKeys(Unknown Source)
at CMS_PageObjects.CMS_LoginPage.setUsername_Textbox(CMS_LoginPage.java:29)
at WOG.CMS_EventsAndTrainingsTest.Edit_Event(CMS_EventsAndTrainingsTest.java:91)
at sun.reflect.NativeMethodAccessorImpl.invoke0(Native Method)
at sun.reflect.NativeMethodAccessorImpl.invoke(Unknown Source)
at sun.reflect.DelegatingMethodAccessorImpl.invoke(Unknown Source)
at java.lang.reflect.Method.invoke(Unknown Source)
at org.testng.internal.MethodInvocationHelper.invokeMethod(MethodInvocationHelper.java:124)
at org.testng.internal.Invoker.invokeMethod(Invoker.java:583)
at org.testng.internal.Invoker.invokeTestMethod(Invoker.java:719)
at org.testng.internal.Invoker.invokeTestMethods(Invoker.java:989)
at org.testng.internal.TestMethodWorker.invokeTestMethods(TestMethodWorker.java:125)
at org.testng.internal.TestMethodWorker.run(TestMethodWorker.java:109)
at org.testng.TestRunner.privateRun(TestRunner.java:648)
at org.testng.TestRunner.run(TestRunner.java:505)
at org.testng.SuiteRunner.runTest(SuiteRunner.java:455)
at org.testng.SuiteRunner.runSequentially(SuiteRunner.java:450)
at org.testng.SuiteRunner.privateRun(SuiteRunner.java:415)
at org.testng.SuiteRunner.run(SuiteRunner.java:364)
at org.testng.SuiteRunnerWorker.runSuite(SuiteRunnerWorker.java:52)
at org.testng.SuiteRunnerWorker.run(SuiteRunnerWorker.java:84)
at org.testng.TestNG.runSuitesSequentially(TestNG.java:1208)
at org.testng.TestNG.runSuitesLocally(TestNG.java:1137)
at org.testng.TestNG.runSuites(TestNG.java:1049)
at org.testng.TestNG.run(TestNG.java:1017)
at org.testng.remote.AbstractRemoteTestNG.run(AbstractRemoteTestNG.java:115)
at org.testng.remote.RemoteTestNG.initAndRun(RemoteTestNG.java:251)
at org.testng.remote.RemoteTestNG.main(RemoteTestNG.java:77)
]]>
            </full-stacktrace>
          </exception> <!-- org.openqa.selenium.NoSuchElementException -->
          <reporter-output>
          </reporter-output>
        </test-method> <!-- Edit_Event -->
        <test-method status="PASS" signature="tearDown()[pri:0, instance:WOG.CMS_EventsAndTrainingsTest@4567f35d]" name="tearDown" is-config="true" duration-ms="4289" started-at="2020-01-10T10:56:04Z" finished-at="2020-01-10T10:56:08Z">
          <reporter-output>
          </reporter-output>
        </test-method> <!-- tearDown -->
      </class> <!-- WOG.CMS_EventsAndTrainingsTest -->
    </test> <!-- Default test -->
  </suite> <!-- Default suite -->
</testng-results>
